[04may2026 21:58:32.396] [AWT-EventQueue-0/DEBUG] [org.eclipse.jgit.internal.storage.file.FileSnapshot/]: file=/Users/macbook/git/CrashDetectorMC/.git/config, create new FileSnapshot: lastRead=2026-05-04 21:58:32.371794000, lastModified=2026-02-26 20:44:03.661365839, size=305, fileKey=(dev=1000004,ino=687525)
[04may2026 21:58:32.414] [AWT-EventQueue-0/DEBUG] [org.eclipse.jgit.internal.storage.file.FileSnapshot/]: file=null, size changed from -1 to 121 bytes
[04may2026 21:58:32.414] [AWT-EventQueue-0/DEBUG] [org.eclipse.jgit.util.SystemReader/]: loading config FileBasedConfig[/Users/macbook/.config/jgit/config]
[04may2026 21:58:32.415] [AWT-EventQueue-0/DEBUG] [org.eclipse.jgit.internal.storage.file.FileSnapshot/]: file=/Users/macbook/.config/jgit/config, create new FileSnapshot: lastRead=2026-05-04 21:58:32.415015000, lastModified=2026-02-26 18:08:28.864028588, size=121, fileKey=(dev=1000004,ino=624145)
[04may2026 21:58:32.423] [AWT-EventQueue-0/DEBUG] [org.eclipse.jgit.util.FS/]: readpipe [bash, --login, -c, which git],/Users/macbook
[04may2026 21:58:33.111] [AWT-EventQueue-0/DEBUG] [org.eclipse.jgit.util.FS/]: readpipe may return '/usr/bin/git'
[04may2026 21:58:33.111] [AWT-EventQueue-0/DEBUG] [org.eclipse.jgit.util.FS/]: remaining output:

[04may2026 21:58:33.113] [AWT-EventQueue-0/DEBUG] [org.eclipse.jgit.util.FS/]: readpipe [xcode-select, -p],/Users/macbook
[04may2026 21:58:33.444] [AWT-EventQueue-0/DEBUG] [org.eclipse.jgit.util.FS/]: readpipe may return '/Library/Developer/CommandLineTools'
[04may2026 21:58:33.444] [AWT-EventQueue-0/DEBUG] [org.eclipse.jgit.util.FS/]: remaining output:

[04may2026 21:58:33.449] [AWT-EventQueue-0/DEBUG] [org.eclipse.jgit.util.FS/]: readpipe [/usr/bin/git, --version],/usr/bin
[04may2026 21:58:34.000] [AWT-EventQueue-0/DEBUG] [org.eclipse.jgit.util.FS/]: readpipe may return 'git version 2.39.5 (Apple Git-154)'
[04may2026 21:58:34.000] [AWT-EventQueue-0/DEBUG] [org.eclipse.jgit.util.FS/]: remaining output:

[04may2026 21:58:34.002] [AWT-EventQueue-0/DEBUG] [org.eclipse.jgit.util.FS/]: readpipe [/usr/bin/git, config, --system, --show-origin, --list, -z],/usr/bin
[04may2026 21:58:34.560] [AWT-EventQueue-0/DEBUG] [org.eclipse.jgit.util.FS/]: readpipe may return 'null'
[04may2026 21:58:34.560] [AWT-EventQueue-0/DEBUG] [org.eclipse.jgit.util.FS/]: remaining output:

[04may2026 21:58:34.789] [AWT-EventQueue-0/DEBUG] [org.eclipse.jgit.util.FS/]: readpipe rc=128
[04may2026 21:58:34.790] [AWT-EventQueue-0/DEBUG] [org.eclipse.jgit.util.FS/]: Exception caught during execution of command '[/usr/bin/git, config, --system, --show-origin, --list, -z]' in '/usr/bin', return code '128', error message 'fatal: unable to read config file '/etc/gitconfig': No such file or directory
'
[04may2026 21:58:34.791] [AWT-EventQueue-0/DEBUG] [org.eclipse.jgit.internal.storage.file.FileSnapshot/]: file=/Users/macbook/.config/jgit/config, isRacyClean=false, read=2026-05-04 21:58:32.415015000, lastModified=2026-02-26 18:08:28.864028588, delta=5799003550986412 ns, racy<=2500000000 ns
[04may2026 21:58:34.791] [AWT-EventQueue-0/DEBUG] [org.eclipse.jgit.internal.storage.file.FileSnapshot/]: file=/Users/macbook/.config/jgit/config, is unmodified
[04may2026 21:58:34.791] [AWT-EventQueue-0/DEBUG] [org.eclipse.jgit.internal.storage.file.FileSnapshot/]: file=/Users/macbook/.config/jgit/config, isRacyClean=false, read=2026-05-04 21:58:32.415015000, lastModified=2026-02-26 18:08:28.864028588, delta=5799003550986412 ns, racy<=2500000000 ns
[04may2026 21:58:34.791] [AWT-EventQueue-0/DEBUG] [org.eclipse.jgit.internal.storage.file.FileSnapshot/]: file=/Users/macbook/.config/jgit/config, is unmodified
[04may2026 21:58:34.792] [AWT-EventQueue-0/DEBUG] [org.eclipse.jgit.internal.storage.file.FileSnapshot/]: file=null, size changed from -1 to 0 bytes
[04may2026 21:58:34.792] [AWT-EventQueue-0/DEBUG] [org.eclipse.jgit.util.SystemReader/]: loading config FileBasedConfig[/Users/macbook/.gitconfig]
[04may2026 21:58:34.793] [AWT-EventQueue-0/DEBUG] [org.eclipse.jgit.internal.storage.file.FileSnapshot/]: file=/Users/macbook/git/CrashDetectorMC/.git/config, create new FileSnapshot: lastRead=2026-05-04 21:58:34.793105000, lastModified=2026-02-26 20:44:03.661365839, size=305, fileKey=(dev=1000004,ino=687525)
[04may2026 21:58:34.797] [AWT-EventQueue-0/DEBUG] [org.eclipse.jgit.internal.storage.file.FileSnapshot/]: file=/Users/macbook/.config/jgit/config, isRacyClean=false, read=2026-05-04 21:58:32.415015000, lastModified=2026-02-26 18:08:28.864028588, delta=5799003550986412 ns, racy<=2500000000 ns
[04may2026 21:58:34.798] [AWT-EventQueue-0/DEBUG] [org.eclipse.jgit.internal.storage.file.FileSnapshot/]: file=/Users/macbook/.config/jgit/config, is unmodified
[04may2026 21:58:34.798] [AWT-EventQueue-0/DEBUG] [org.eclipse.jgit.internal.storage.file.FileSnapshot/]: file=/Users/macbook/.gitconfig, isRacyClean=false, read=2026-05-04 21:58:34.792655000, lastModified=1969-12-31 16:00:00.000000000, delta=1777957114792655000 ns, racy<=2500000000 ns
[04may2026 21:58:34.799] [AWT-EventQueue-0/DEBUG] [org.eclipse.jgit.internal.storage.file.FileSnapshot/]: file=/Users/macbook/.gitconfig, is unmodified
[04may2026 21:58:34.799] [AWT-EventQueue-0/DEBUG] [org.eclipse.jgit.internal.storage.file.FileSnapshot/]: file=/Users/macbook/git/CrashDetectorMC/.git/config, isRacyClean=false, read=2026-05-04 21:58:34.793105000, lastModified=2026-02-26 20:44:03.661365839, delta=5789671131739161 ns, racy<=2500000000 ns
[04may2026 21:58:34.800] [AWT-EventQueue-0/DEBUG] [org.eclipse.jgit.internal.storage.file.FileSnapshot/]: file=/Users/macbook/git/CrashDetectorMC/.git/config, is unmodified
[04may2026 21:58:34.867] [AWT-EventQueue-0/DEBUG] [org.eclipse.jgit.internal.storage.file.FileSnapshot/]: file=/Users/macbook/git/CrashDetectorMC/.git/index, create new FileSnapshot: lastRead=2026-05-04 21:58:34.867037000, lastModified=2026-04-27 22:22:37.464780353, size=114098, fileKey=(dev=1000004,ino=2867914)
[04may2026 21:58:34.868] [AWT-EventQueue-0/DEBUG] [org.eclipse.jgit.internal.storage.file.FileSnapshot/]: file=/Users/macbook/.config/jgit/config, isRacyClean=false, read=2026-05-04 21:58:32.415015000, lastModified=2026-02-26 18:08:28.864028588, delta=5799003550986412 ns, racy<=2500000000 ns
[04may2026 21:58:34.868] [AWT-EventQueue-0/DEBUG] [org.eclipse.jgit.internal.storage.file.FileSnapshot/]: file=/Users/macbook/.config/jgit/config, is unmodified
[04may2026 21:58:34.869] [AWT-EventQueue-0/DEBUG] [org.eclipse.jgit.internal.storage.file.FileSnapshot/]: file=/Users/macbook/.gitconfig, isRacyClean=false, read=2026-05-04 21:58:34.792655000, lastModified=1969-12-31 16:00:00.000000000, delta=1777957114792655000 ns, racy<=2500000000 ns
[04may2026 21:58:34.869] [AWT-EventQueue-0/DEBUG] [org.eclipse.jgit.internal.storage.file.FileSnapshot/]: file=/Users/macbook/.gitconfig, is unmodified
[04may2026 21:58:34.869] [AWT-EventQueue-0/DEBUG] [org.eclipse.jgit.internal.storage.file.FileSnapshot/]: file=/Users/macbook/git/CrashDetectorMC/.git/config, isRacyClean=false, read=2026-05-04 21:58:34.793105000, lastModified=2026-02-26 20:44:03.661365839, delta=5789671131739161 ns, racy<=2500000000 ns
[04may2026 21:58:34.870] [AWT-EventQueue-0/DEBUG] [org.eclipse.jgit.internal.storage.file.FileSnapshot/]: file=/Users/macbook/git/CrashDetectorMC/.git/config, is unmodified
[04may2026 21:58:34.887] [AWT-EventQueue-0/DEBUG] [org.eclipse.jgit.internal.storage.file.FileSnapshot/]: file=/Users/macbook/git/CrashDetectorMC/.git/config, create new FileSnapshot: lastRead=2026-05-04 21:58:34.887169000, lastModified=2026-02-26 20:44:03.661365839, size=305, fileKey=(dev=1000004,ino=687525)
[04may2026 21:58:34.889] [AWT-EventQueue-0/DEBUG] [org.eclipse.jgit.internal.storage.file.FileSnapshot/]: file=/Users/macbook/.config/jgit/config, isRacyClean=false, read=2026-05-04 21:58:32.415015000, lastModified=2026-02-26 18:08:28.864028588, delta=5799003550986412 ns, racy<=2500000000 ns
[04may2026 21:58:34.889] [AWT-EventQueue-0/DEBUG] [org.eclipse.jgit.internal.storage.file.FileSnapshot/]: file=/Users/macbook/.config/jgit/config, is unmodified
[04may2026 21:58:34.890] [AWT-EventQueue-0/DEBUG] [org.eclipse.jgit.internal.storage.file.FileSnapshot/]: file=/Users/macbook/.gitconfig, isRacyClean=false, read=2026-05-04 21:58:34.792655000, lastModified=1969-12-31 16:00:00.000000000, delta=1777957114792655000 ns, racy<=2500000000 ns
[04may2026 21:58:34.890] [AWT-EventQueue-0/DEBUG] [org.eclipse.jgit.internal.storage.file.FileSnapshot/]: file=/Users/macbook/.gitconfig, is unmodified
[04may2026 21:58:34.891] [AWT-EventQueue-0/DEBUG] [org.eclipse.jgit.internal.storage.file.FileSnapshot/]: file=/Users/macbook/git/CrashDetectorMC/.git/config, create new FileSnapshot: lastRead=2026-05-04 21:58:34.891117000, lastModified=2026-02-26 20:44:03.661365839, size=305, fileKey=(dev=1000004,ino=687525)
[04may2026 21:58:34.892] [AWT-EventQueue-0/DEBUG] [org.eclipse.jgit.internal.storage.file.FileSnapshot/]: file=/Users/macbook/.config/jgit/config, isRacyClean=false, read=2026-05-04 21:58:32.415015000, lastModified=2026-02-26 18:08:28.864028588, delta=5799003550986412 ns, racy<=2500000000 ns
[04may2026 21:58:34.892] [AWT-EventQueue-0/DEBUG] [org.eclipse.jgit.internal.storage.file.FileSnapshot/]: file=/Users/macbook/.config/jgit/config, is unmodified
[04may2026 21:58:34.893] [AWT-EventQueue-0/DEBUG] [org.eclipse.jgit.internal.storage.file.FileSnapshot/]: file=/Users/macbook/.gitconfig, isRacyClean=false, read=2026-05-04 21:58:34.792655000, lastModified=1969-12-31 16:00:00.000000000, delta=1777957114792655000 ns, racy<=2500000000 ns
[04may2026 21:58:34.893] [AWT-EventQueue-0/DEBUG] [org.eclipse.jgit.internal.storage.file.FileSnapshot/]: file=/Users/macbook/.gitconfig, is unmodified
[04may2026 21:58:34.893] [AWT-EventQueue-0/DEBUG] [org.eclipse.jgit.internal.storage.file.FileSnapshot/]: file=/Users/macbook/git/CrashDetectorMC/.git/config, isRacyClean=false, read=2026-05-04 21:58:34.891117000, lastModified=2026-02-26 20:44:03.661365839, delta=5789671229751161 ns, racy<=2500000000 ns
[04may2026 21:58:34.894] [AWT-EventQueue-0/DEBUG] [org.eclipse.jgit.internal.storage.file.FileSnapshot/]: file=/Users/macbook/git/CrashDetectorMC/.git/config, is unmodified
[04may2026 21:58:34.894] [AWT-EventQueue-0/DEBUG] [org.eclipse.jgit.internal.storage.file.FileSnapshot/]: file=/Users/macbook/git/CrashDetectorMC/.git/index, create new FileSnapshot: lastRead=2026-05-04 21:58:34.894367000, lastModified=2026-04-27 22:22:37.464780353, size=114098, fileKey=(dev=1000004,ino=2867914)
[04may2026 21:58:34.894] [AWT-EventQueue-0/DEBUG] [org.eclipse.jgit.internal.storage.file.FileSnapshot/]: file=/Users/macbook/.config/jgit/config, isRacyClean=false, read=2026-05-04 21:58:32.415015000, lastModified=2026-02-26 18:08:28.864028588, delta=5799003550986412 ns, racy<=2500000000 ns
[04may2026 21:58:34.895] [AWT-EventQueue-0/DEBUG] [org.eclipse.jgit.internal.storage.file.FileSnapshot/]: file=/Users/macbook/.config/jgit/config, is unmodified
[04may2026 21:58:34.895] [AWT-EventQueue-0/DEBUG] [org.eclipse.jgit.internal.storage.file.FileSnapshot/]: file=/Users/macbook/.gitconfig, isRacyClean=false, read=2026-05-04 21:58:34.792655000, lastModified=1969-12-31 16:00:00.000000000, delta=1777957114792655000 ns, racy<=2500000000 ns
[04may2026 21:58:34.895] [AWT-EventQueue-0/DEBUG] [org.eclipse.jgit.internal.storage.file.FileSnapshot/]: file=/Users/macbook/.gitconfig, is unmodified
[04may2026 21:58:34.896] [AWT-EventQueue-0/DEBUG] [org.eclipse.jgit.internal.storage.file.FileSnapshot/]: file=/Users/macbook/git/CrashDetectorMC/.git/config, isRacyClean=false, read=2026-05-04 21:58:34.891117000, lastModified=2026-02-26 20:44:03.661365839, delta=5789671229751161 ns, racy<=2500000000 ns
[04may2026 21:58:34.896] [AWT-EventQueue-0/DEBUG] [org.eclipse.jgit.internal.storage.file.FileSnapshot/]: file=/Users/macbook/git/CrashDetectorMC/.git/config, is unmodified
[04may2026 21:58:56.045] [AWT-EventQueue-0/DEBUG] [org.eclipse.jgit.internal.storage.file.FileSnapshot/]: file=/Users/macbook/git/CrashDetectorMC/.git/config, create new FileSnapshot: lastRead=2026-05-04 21:58:56.045353000, lastModified=2026-02-26 20:44:03.661365839, size=305, fileKey=(dev=1000004,ino=687525)
[04may2026 21:58:56.047] [AWT-EventQueue-0/DEBUG] [org.eclipse.jgit.internal.storage.file.FileSnapshot/]: file=/Users/macbook/.config/jgit/config, isRacyClean=false, read=2026-05-04 21:58:32.415015000, lastModified=2026-02-26 18:08:28.864028588, delta=5799003550986412 ns, racy<=2500000000 ns
[04may2026 21:58:56.047] [AWT-EventQueue-0/DEBUG] [org.eclipse.jgit.internal.storage.file.FileSnapshot/]: file=/Users/macbook/.config/jgit/config, is unmodified
[04may2026 21:58:56.047] [AWT-EventQueue-0/DEBUG] [org.eclipse.jgit.internal.storage.file.FileSnapshot/]: file=/Users/macbook/.gitconfig, isRacyClean=false, read=2026-05-04 21:58:34.792655000, lastModified=1969-12-31 16:00:00.000000000, delta=1777957114792655000 ns, racy<=2500000000 ns
[04may2026 21:58:56.047] [AWT-EventQueue-0/DEBUG] [org.eclipse.jgit.internal.storage.file.FileSnapshot/]: file=/Users/macbook/.gitconfig, is unmodified
[04may2026 21:58:56.048] [AWT-EventQueue-0/DEBUG] [org.eclipse.jgit.internal.storage.file.FileSnapshot/]: file=/Users/macbook/git/CrashDetectorMC/.git/config, create new FileSnapshot: lastRead=2026-05-04 21:58:56.048192000, lastModified=2026-02-26 20:44:03.661365839, size=305, fileKey=(dev=1000004,ino=687525)
[04may2026 21:58:56.049] [AWT-EventQueue-0/DEBUG] [org.eclipse.jgit.internal.storage.file.FileSnapshot/]: file=/Users/macbook/.config/jgit/config, isRacyClean=false, read=2026-05-04 21:58:32.415015000, lastModified=2026-02-26 18:08:28.864028588, delta=5799003550986412 ns, racy<=2500000000 ns
[04may2026 21:58:56.049] [AWT-EventQueue-0/DEBUG] [org.eclipse.jgit.internal.storage.file.FileSnapshot/]: file=/Users/macbook/.config/jgit/config, is unmodified
[04may2026 21:58:56.050] [AWT-EventQueue-0/DEBUG] [org.eclipse.jgit.internal.storage.file.FileSnapshot/]: file=/Users/macbook/.gitconfig, isRacyClean=false, read=2026-05-04 21:58:34.792655000, lastModified=1969-12-31 16:00:00.000000000, delta=1777957114792655000 ns, racy<=2500000000 ns
[04may2026 21:58:56.050] [AWT-EventQueue-0/DEBUG] [org.eclipse.jgit.internal.storage.file.FileSnapshot/]: file=/Users/macbook/.gitconfig, is unmodified
[04may2026 21:58:56.050] [AWT-EventQueue-0/DEBUG] [org.eclipse.jgit.internal.storage.file.FileSnapshot/]: file=/Users/macbook/git/CrashDetectorMC/.git/config, isRacyClean=false, read=2026-05-04 21:58:56.048192000, lastModified=2026-02-26 20:44:03.661365839, delta=5789692386826161 ns, racy<=2500000000 ns
[04may2026 21:58:56.050] [AWT-EventQueue-0/DEBUG] [org.eclipse.jgit.internal.storage.file.FileSnapshot/]: file=/Users/macbook/git/CrashDetectorMC/.git/config, is unmodified
[04may2026 21:58:56.051] [AWT-EventQueue-0/DEBUG] [org.eclipse.jgit.internal.storage.file.FileSnapshot/]: file=/Users/macbook/git/CrashDetectorMC/.git/index, create new FileSnapshot: lastRead=2026-05-04 21:58:56.051071000, lastModified=2026-04-27 22:22:37.464780353, size=114098, fileKey=(dev=1000004,ino=2867914)
[04may2026 21:58:56.073] [AWT-EventQueue-0/DEBUG] [org.eclipse.jgit.internal.storage.file.FileSnapshot/]: file=/Users/macbook/.config/jgit/config, isRacyClean=false, read=2026-05-04 21:58:32.415015000, lastModified=2026-02-26 18:08:28.864028588, delta=5799003550986412 ns, racy<=2500000000 ns
[04may2026 21:58:56.073] [AWT-EventQueue-0/DEBUG] [org.eclipse.jgit.internal.storage.file.FileSnapshot/]: file=/Users/macbook/.config/jgit/config, is unmodified
[04may2026 21:58:56.074] [AWT-EventQueue-0/DEBUG] [org.eclipse.jgit.internal.storage.file.FileSnapshot/]: file=/Users/macbook/.gitconfig, isRacyClean=false, read=2026-05-04 21:58:34.792655000, lastModified=1969-12-31 16:00:00.000000000, delta=1777957114792655000 ns, racy<=2500000000 ns
[04may2026 21:58:56.074] [AWT-EventQueue-0/DEBUG] [org.eclipse.jgit.internal.storage.file.FileSnapshot/]: file=/Users/macbook/.gitconfig, is unmodified
[04may2026 21:58:56.074] [AWT-EventQueue-0/DEBUG] [org.eclipse.jgit.internal.storage.file.FileSnapshot/]: file=/Users/macbook/git/CrashDetectorMC/.git/config, isRacyClean=false, read=2026-05-04 21:58:56.048192000, lastModified=2026-02-26 20:44:03.661365839, delta=5789692386826161 ns, racy<=2500000000 ns
[04may2026 21:58:56.074] [AWT-EventQueue-0/DEBUG] [org.eclipse.jgit.internal.storage.file.FileSnapshot/]: file=/Users/macbook/git/CrashDetectorMC/.git/config, is unmodified
[04may2026 21:58:56.082] [AWT-EventQueue-0/DEBUG] [org.eclipse.jgit.internal.storage.file.FileSnapshot/]: file=/Users/macbook/.config/jgit/config, isRacyClean=false, read=2026-05-04 21:58:32.415015000, lastModified=2026-02-26 18:08:28.864028588, delta=5799003550986412 ns, racy<=2500000000 ns
[04may2026 21:58:56.082] [AWT-EventQueue-0/DEBUG] [org.eclipse.jgit.internal.storage.file.FileSnapshot/]: file=/Users/macbook/.config/jgit/config, is unmodified
[04may2026 21:58:56.082] [AWT-EventQueue-0/DEBUG] [org.eclipse.jgit.internal.storage.file.FileSnapshot/]: file=/Users/macbook/.gitconfig, isRacyClean=false, read=2026-05-04 21:58:34.792655000, lastModified=1969-12-31 16:00:00.000000000, delta=1777957114792655000 ns, racy<=2500000000 ns
[04may2026 21:58:56.083] [AWT-EventQueue-0/DEBUG] [org.eclipse.jgit.internal.storage.file.FileSnapshot/]: file=/Users/macbook/.gitconfig, is unmodified
[04may2026 21:58:56.083] [AWT-EventQueue-0/DEBUG] [org.eclipse.jgit.internal.storage.file.FileSnapshot/]: file=/Users/macbook/git/CrashDetectorMC/.git/config, isRacyClean=false, read=2026-05-04 21:58:56.048192000, lastModified=2026-02-26 20:44:03.661365839, delta=5789692386826161 ns, racy<=2500000000 ns
[04may2026 21:58:56.083] [AWT-EventQueue-0/DEBUG] [org.eclipse.jgit.internal.storage.file.FileSnapshot/]: file=/Users/macbook/git/CrashDetectorMC/.git/config, is unmodified
[04may2026 21:58:56.173] [AWT-EventQueue-0/DEBUG] [org.eclipse.jgit.internal.storage.file.FileSnapshot/]: file=/Users/macbook/.config/jgit/config, isRacyClean=false, read=2026-05-04 21:58:32.415015000, lastModified=2026-02-26 18:08:28.864028588, delta=5799003550986412 ns, racy<=2500000000 ns
[04may2026 21:58:56.173] [AWT-EventQueue-0/DEBUG] [org.eclipse.jgit.internal.storage.file.FileSnapshot/]: file=/Users/macbook/.config/jgit/config, is unmodified
[04may2026 21:58:56.174] [AWT-EventQueue-0/DEBUG] [org.eclipse.jgit.internal.storage.file.FileSnapshot/]: file=/Users/macbook/.gitconfig, isRacyClean=false, read=2026-05-04 21:58:34.792655000, lastModified=1969-12-31 16:00:00.000000000, delta=1777957114792655000 ns, racy<=2500000000 ns
[04may2026 21:58:56.174] [AWT-EventQueue-0/DEBUG] [org.eclipse.jgit.internal.storage.file.FileSnapshot/]: file=/Users/macbook/.gitconfig, is unmodified
[04may2026 21:58:56.174] [AWT-EventQueue-0/DEBUG] [org.eclipse.jgit.internal.storage.file.FileSnapshot/]: file=/Users/macbook/git/CrashDetectorMC/.git/config, isRacyClean=false, read=2026-05-04 21:58:56.048192000, lastModified=2026-02-26 20:44:03.661365839, delta=5789692386826161 ns, racy<=2500000000 ns
[04may2026 21:58:56.175] [AWT-EventQueue-0/DEBUG] [org.eclipse.jgit.internal.storage.file.FileSnapshot/]: file=/Users/macbook/git/CrashDetectorMC/.git/config, is unmodified
[04may2026 21:58:56.175] [AWT-EventQueue-0/DEBUG] [org.eclipse.jgit.internal.storage.file.FileSnapshot/]: file=/Users/macbook/git/CrashDetectorMC/.git/HEAD, create new FileSnapshot: lastRead=2026-05-04 21:58:56.175460000, lastModified=2026-02-26 20:44:03.664554053, size=21, fileKey=(dev=1000004,ino=687526)
[04may2026 21:58:56.182] [AWT-EventQueue-0/DEBUG] [org.eclipse.jgit.internal.storage.file.FileSnapshot/]: file=/Users/macbook/git/CrashDetectorMC/.git/refs/heads/main, create new FileSnapshot: lastRead=2026-05-04 21:58:56.181805000, lastModified=2026-04-27 22:22:40.406496643, size=41, fileKey=(dev=1000004,ino=2867964)
[04may2026 21:58:56.184] [AWT-EventQueue-0/DEBUG] [org.eclipse.jgit.internal.storage.file.FileSnapshot/]: file=/Users/macbook/.config/jgit/config, isRacyClean=false, read=2026-05-04 21:58:32.415015000, lastModified=2026-02-26 18:08:28.864028588, delta=5799003550986412 ns, racy<=2500000000 ns
[04may2026 21:58:56.184] [AWT-EventQueue-0/DEBUG] [org.eclipse.jgit.internal.storage.file.FileSnapshot/]: file=/Users/macbook/.config/jgit/config, is unmodified
[04may2026 21:58:56.185] [AWT-EventQueue-0/DEBUG] [org.eclipse.jgit.internal.storage.file.FileSnapshot/]: file=/Users/macbook/.gitconfig, isRacyClean=false, read=2026-05-04 21:58:34.792655000, lastModified=1969-12-31 16:00:00.000000000, delta=1777957114792655000 ns, racy<=2500000000 ns
[04may2026 21:58:56.185] [AWT-EventQueue-0/DEBUG] [org.eclipse.jgit.internal.storage.file.FileSnapshot/]: file=/Users/macbook/.gitconfig, is unmodified
[04may2026 21:58:56.185] [AWT-EventQueue-0/DEBUG] [org.eclipse.jgit.internal.storage.file.FileSnapshot/]: file=/Users/macbook/git/CrashDetectorMC/.git/config, isRacyClean=false, read=2026-05-04 21:58:56.048192000, lastModified=2026-02-26 20:44:03.661365839, delta=5789692386826161 ns, racy<=2500000000 ns
[04may2026 21:58:56.185] [AWT-EventQueue-0/DEBUG] [org.eclipse.jgit.internal.storage.file.FileSnapshot/]: file=/Users/macbook/git/CrashDetectorMC/.git/config, is unmodified
[04may2026 21:58:56.204] [JGit-FileStoreAttributeReader-1/DEBUG] [org.eclipse.jgit.internal.storage.file.FileSnapshot/]: file=/Users/macbook/.config/jgit/config, isRacyClean=false, read=2026-05-04 21:58:32.415015000, lastModified=2026-02-26 18:08:28.864028588, delta=5799003550986412 ns, racy<=2500000000 ns
[04may2026 21:58:56.204] [JGit-FileStoreAttributeReader-1/DEBUG] [org.eclipse.jgit.internal.storage.file.FileSnapshot/]: file=/Users/macbook/.config/jgit/config, is unmodified
[04may2026 21:58:56.204] [JGit-FileStoreAttributeReader-1/DEBUG] [org.eclipse.jgit.internal.storage.file.FileSnapshot/]: file=/Users/macbook/.gitconfig, isRacyClean=false, read=2026-05-04 21:58:34.792655000, lastModified=1969-12-31 16:00:00.000000000, delta=1777957114792655000 ns, racy<=2500000000 ns
[04may2026 21:58:56.205] [JGit-FileStoreAttributeReader-1/DEBUG] [org.eclipse.jgit.internal.storage.file.FileSnapshot/]: file=/Users/macbook/.gitconfig, is unmodified
[04may2026 21:58:56.207] [AWT-EventQueue-0/DEBUG] [org.eclipse.jgit.internal.storage.file.FileSnapshot/]: file=/Users/macbook/git/CrashDetectorMC/.git/HEAD, isRacyClean=false, read=2026-05-04 21:58:56.175460000, lastModified=2026-02-26 20:44:03.664554053, delta=5789692510905947 ns, racy<=27500 ns
[04may2026 21:58:56.207] [AWT-EventQueue-0/DEBUG] [org.eclipse.jgit.internal.storage.file.FileSnapshot/]: file=/Users/macbook/git/CrashDetectorMC/.git/HEAD, is unmodified
[04may2026 21:58:56.207] [AWT-EventQueue-0/DEBUG] [org.eclipse.jgit.internal.storage.file.FileSnapshot/]: file=/Users/macbook/git/CrashDetectorMC/.git/refs/heads/main, isRacyClean=false, read=2026-05-04 21:58:56.181805000, lastModified=2026-04-27 22:22:40.406496643, delta=603375775308357 ns, racy<=27500 ns
[04may2026 21:58:56.208] [AWT-EventQueue-0/DEBUG] [org.eclipse.jgit.internal.storage.file.FileSnapshot/]: file=/Users/macbook/git/CrashDetectorMC/.git/refs/heads/main, is unmodified
[04may2026 21:58:56.210] [AWT-EventQueue-0/DEBUG] [org.eclipse.jgit.internal.storage.file.FileSnapshot/]: file=null, size changed from -1 to 1280 bytes
[04may2026 21:58:56.211] [AWT-EventQueue-0/DEBUG] [org.eclipse.jgit.internal.storage.file.FileSnapshot/]: file=/Users/macbook/git/CrashDetectorMC/.git/objects/pack, create new FileSnapshot: lastRead=2026-05-04 21:58:56.211014000, lastModified=2026-04-27 21:06:59.054396266, size=1280, fileKey=(dev=1000004,ino=687438)
[04may2026 21:58:56.228] [AWT-EventQueue-0/DEBUG] [org.eclipse.jgit.internal.storage.file.FileSnapshot/]: file=/Users/macbook/git/CrashDetectorMC/.git/objects/pack/pack-b15ace936805955c68810a79e4d2c4852084e92d.pack, create new FileSnapshot: lastRead=2026-05-04 21:58:56.228303000, lastModified=2026-04-22 22:23:45.000000000, size=773646, fileKey=(dev=1000004,ino=2428370)
[04may2026 21:58:56.229] [AWT-EventQueue-0/DEBUG] [org.eclipse.jgit.internal.storage.file.FileSnapshot/]: file=/Users/macbook/git/CrashDetectorMC/.git/objects/pack/pack-d712fb2dfc965029e946e4e58b403fd84d5bf9b7.pack, create new FileSnapshot: lastRead=2026-05-04 21:58:56.228936000, lastModified=2026-04-22 22:23:45.000000000, size=1007214, fileKey=(dev=1000004,ino=2418955)
[04may2026 21:58:56.229] [AWT-EventQueue-0/DEBUG] [org.eclipse.jgit.internal.storage.file.FileSnapshot/]: file=/Users/macbook/git/CrashDetectorMC/.git/objects/pack/pack-bd0f5bf6e2af22418eeee87f97dae53627fecb84.pack, create new FileSnapshot: lastRead=2026-05-04 21:58:56.229269000, lastModified=2026-04-22 22:23:45.000000000, size=35695, fileKey=(dev=1000004,ino=2465840)
[04may2026 21:58:56.229] [AWT-EventQueue-0/DEBUG] [org.eclipse.jgit.internal.storage.file.FileSnapshot/]: file=/Users/macbook/git/CrashDetectorMC/.git/objects/pack/pack-9e2157bf2570fc6f247cbca15e10a44fe314b4bd.pack, create new FileSnapshot: lastRead=2026-05-04 21:58:56.229810000, lastModified=2026-04-27 00:32:49.000000000, size=1492990, fileKey=(dev=1000004,ino=2825456)
[04may2026 21:58:56.230] [AWT-EventQueue-0/DEBUG] [org.eclipse.jgit.internal.storage.file.FileSnapshot/]: file=/Users/macbook/git/CrashDetectorMC/.git/objects/pack/pack-e620265cb7c6707074afd9b10378e1cb32ced734.pack, create new FileSnapshot: lastRead=2026-05-04 21:58:56.230207000, lastModified=2026-04-27 00:32:49.000000000, size=1428117, fileKey=(dev=1000004,ino=2817523)
[04may2026 21:58:56.230] [AWT-EventQueue-0/DEBUG] [org.eclipse.jgit.internal.storage.file.FileSnapshot/]: file=/Users/macbook/git/CrashDetectorMC/.git/objects/pack/pack-def0c2708744de8d600c0ca475d5c9d8c5afb31d.pack, create new FileSnapshot: lastRead=2026-05-04 21:58:56.230726000, lastModified=2026-04-04 17:34:59.244472705, size=5901, fileKey=(dev=1000004,ino=2464816)
[04may2026 21:58:56.231] [AWT-EventQueue-0/DEBUG] [org.eclipse.jgit.internal.storage.file.FileSnapshot/]: file=/Users/macbook/git/CrashDetectorMC/.git/objects/pack/pack-3f3d59ccd1a4d212fee41178845bfc19da6746ee.pack, create new FileSnapshot: lastRead=2026-05-04 21:58:56.231075000, lastModified=2026-04-24 22:25:45.000000000, size=34835, fileKey=(dev=1000004,ino=2786066)
[04may2026 21:58:56.231] [AWT-EventQueue-0/DEBUG] [org.eclipse.jgit.internal.storage.file.FileSnapshot/]: file=/Users/macbook/git/CrashDetectorMC/.git/objects/pack/pack-e4b5a0ab5f69a36b8328c36a12d15ca7f7a04024.pack, create new FileSnapshot: lastRead=2026-05-04 21:58:56.231377000, lastModified=2026-04-22 22:23:45.000000000, size=1402946, fileKey=(dev=1000004,ino=2741424)
[04may2026 21:58:56.231] [AWT-EventQueue-0/DEBUG] [org.eclipse.jgit.internal.storage.file.FileSnapshot/]: file=/Users/macbook/git/CrashDetectorMC/.git/objects/pack/pack-70dc24cd2f3fb4bd12989852c40d282b83374a3f.pack, create new FileSnapshot: lastRead=2026-05-04 21:58:56.231673000, lastModified=2026-04-22 22:23:45.000000000, size=738062, fileKey=(dev=1000004,ino=2447041)
[04may2026 21:58:56.232] [AWT-EventQueue-0/DEBUG] [org.eclipse.jgit.internal.storage.file.FileSnapshot/]: file=/Users/macbook/git/CrashDetectorMC/.git/objects/pack/pack-69898352f02f8442b70589e020bed2d5e37786ca.pack, create new FileSnapshot: lastRead=2026-05-04 21:58:56.231989000, lastModified=2026-03-22 01:19:37.000000000, size=22652, fileKey=(dev=1000004,ino=1732637)
[04may2026 21:58:56.232] [AWT-EventQueue-0/DEBUG] [org.eclipse.jgit.internal.storage.file.FileSnapshot/]: file=/Users/macbook/git/CrashDetectorMC/.git/objects/pack/pack-1461a1a382b95e26dca1787ff1433af0204c0b49.pack, create new FileSnapshot: lastRead=2026-05-04 21:58:56.232316000, lastModified=2026-03-28 22:13:13.739530062, size=59152, fileKey=(dev=1000004,ino=2399595)
[04may2026 21:58:56.232] [AWT-EventQueue-0/DEBUG] [org.eclipse.jgit.internal.storage.file.FileSnapshot/]: file=/Users/macbook/git/CrashDetectorMC/.git/objects/pack/pack-4962ade9604355e94b4a2f2aa398441f87fde546.pack, create new FileSnapshot: lastRead=2026-05-04 21:58:56.232673000, lastModified=2026-04-22 22:23:45.000000000, size=1385279, fileKey=(dev=1000004,ino=2775376)
[04may2026 21:58:56.233] [AWT-EventQueue-0/DEBUG] [org.eclipse.jgit.internal.storage.file.FileSnapshot/]: file=/Users/macbook/git/CrashDetectorMC/.git/objects/pack/pack-7016726cc274e0f26348997f4a552c5ed8810e8a.pack, create new FileSnapshot: lastRead=2026-05-04 21:58:56.233028000, lastModified=2026-04-27 21:26:04.000000000, size=24364, fileKey=(dev=1000004,ino=2854369)
[04may2026 21:58:56.233] [AWT-EventQueue-0/DEBUG] [org.eclipse.jgit.internal.storage.file.FileSnapshot/]: file=/Users/macbook/git/CrashDetectorMC/.git/objects/pack/pack-c86d702866f3fc2c15f02589d2a3b31c16d06ce3.pack, create new FileSnapshot: lastRead=2026-05-04 21:58:56.233360000, lastModified=2026-04-22 22:23:45.000000000, size=10708, fileKey=(dev=1000004,ino=2457696)
[04may2026 21:58:56.234] [AWT-EventQueue-0/DEBUG] [org.eclipse.jgit.internal.storage.file.FileSnapshot/]: file=/Users/macbook/git/CrashDetectorMC/.git/objects/pack/pack-e9a9af699ddd5dd8be8e33d8742cbcd1a043cc25.pack, create new FileSnapshot: lastRead=2026-05-04 21:58:56.233871000, lastModified=2026-04-22 22:23:45.000000000, size=11941, fileKey=(dev=1000004,ino=1727093)
[04may2026 21:58:56.234] [AWT-EventQueue-0/DEBUG] [org.eclipse.jgit.internal.storage.file.FileSnapshot/]: file=/Users/macbook/git/CrashDetectorMC/.git/objects/pack/pack-5b489c1f9da0cae5dbeee417b0f037677c9bb312.pack, create new FileSnapshot: lastRead=2026-05-04 21:58:56.234231000, lastModified=2026-04-04 15:55:45.382144837, size=11031, fileKey=(dev=1000004,ino=2461529)
[04may2026 21:58:56.234] [AWT-EventQueue-0/DEBUG] [org.eclipse.jgit.internal.storage.file.FileSnapshot/]: file=/Users/macbook/git/CrashDetectorMC/.git/objects/pack/pack-17c1d3adea29da46b3d3cba34f2f5ecf61d779bd.pack, create new FileSnapshot: lastRead=2026-05-04 21:58:56.234597000, lastModified=2026-04-22 22:23:45.000000000, size=895174, fileKey=(dev=1000004,ino=2616873)
[04may2026 21:58:56.235] [AWT-EventQueue-0/DEBUG] [org.eclipse.jgit.internal.storage.file.FileSnapshot/]: file=/Users/macbook/git/CrashDetectorMC/.git/objects/pack/pack-c81d3925d239b1137d3e5b1b3cb9c54f1239335c.pack, create new FileSnapshot: lastRead=2026-05-04 21:58:56.234914000, lastModified=2026-04-22 22:23:45.000000000, size=9367320, fileKey=(dev=1000004,ino=687464)
[04may2026 21:58:56.235] [AWT-EventQueue-0/DEBUG] [org.eclipse.jgit.internal.storage.file.FileSnapshot/]: file=/Users/macbook/git/CrashDetectorMC/.git/objects/pack/pack-c7eb1131dd37714a4beb2fcf869b508436767a26.pack, create new FileSnapshot: lastRead=2026-05-04 21:58:56.235218000, lastModified=2026-03-24 21:40:24.000000000, size=730667, fileKey=(dev=1000004,ino=2322823)
[04may2026 21:58:56.246] [AWT-EventQueue-0/DEBUG] [org.eclipse.jgit.internal.storage.file.Pack/]: Opening pack index /Users/macbook/git/CrashDetectorMC/.git/objects/pack/pack-7016726cc274e0f26348997f4a552c5ed8810e8a.idx, size 0,002 MB took 11 ms
[04may2026 21:58:56.248] [AWT-EventQueue-0/DEBUG] [org.eclipse.jgit.internal.storage.file.Pack/]: Opening pack index /Users/macbook/git/CrashDetectorMC/.git/objects/pack/pack-9e2157bf2570fc6f247cbca15e10a44fe314b4bd.idx, size 0,004 MB took 1 ms
[04may2026 21:58:56.250] [AWT-EventQueue-0/DEBUG] [org.eclipse.jgit.internal.storage.file.Pack/]: Opening pack index /Users/macbook/git/CrashDetectorMC/.git/objects/pack/pack-e620265cb7c6707074afd9b10378e1cb32ced734.idx, size 0,004 MB took 2 ms
[04may2026 21:58:56.251] [AWT-EventQueue-0/DEBUG] [org.eclipse.jgit.internal.storage.file.Pack/]: Opening pack index /Users/macbook/git/CrashDetectorMC/.git/objects/pack/pack-3f3d59ccd1a4d212fee41178845bfc19da6746ee.idx, size 0,002 MB took 1 ms
[04may2026 21:58:56.253] [AWT-EventQueue-0/DEBUG] [org.eclipse.jgit.internal.storage.file.Pack/]: Opening pack index /Users/macbook/git/CrashDetectorMC/.git/objects/pack/pack-b15ace936805955c68810a79e4d2c4852084e92d.idx, size 0,003 MB took 1 ms
[04may2026 21:58:56.255] [AWT-EventQueue-0/DEBUG] [org.eclipse.jgit.internal.storage.file.Pack/]: Opening pack index /Users/macbook/git/CrashDetectorMC/.git/objects/pack/pack-d712fb2dfc965029e946e4e58b403fd84d5bf9b7.idx, size 0,003 MB took 1 ms
[04may2026 21:58:56.256] [AWT-EventQueue-0/DEBUG] [org.eclipse.jgit.internal.storage.file.Pack/]: Opening pack index /Users/macbook/git/CrashDetectorMC/.git/objects/pack/pack-bd0f5bf6e2af22418eeee87f97dae53627fecb84.idx, size 0,003 MB took 1 ms
[04may2026 21:58:56.258] [AWT-EventQueue-0/DEBUG] [org.eclipse.jgit.internal.storage.file.Pack/]: Opening pack index /Users/macbook/git/CrashDetectorMC/.git/objects/pack/pack-e4b5a0ab5f69a36b8328c36a12d15ca7f7a04024.idx, size 0,005 MB took 2 ms
[04may2026 21:58:56.259] [AWT-EventQueue-0/DEBUG] [org.eclipse.jgit.internal.storage.file.Pack/]: Opening pack index /Users/macbook/git/CrashDetectorMC/.git/objects/pack/pack-70dc24cd2f3fb4bd12989852c40d282b83374a3f.idx, size 0,002 MB took 1 ms
[04may2026 21:58:56.260] [AWT-EventQueue-0/DEBUG] [org.eclipse.jgit.internal.storage.file.Pack/]: Opening pack index /Users/macbook/git/CrashDetectorMC/.git/objects/pack/pack-4962ade9604355e94b4a2f2aa398441f87fde546.idx, size 0,003 MB took 1 ms
[04may2026 21:58:56.261] [AWT-EventQueue-0/DEBUG] [org.eclipse.jgit.internal.storage.file.Pack/]: Opening pack index /Users/macbook/git/CrashDetectorMC/.git/objects/pack/pack-c86d702866f3fc2c15f02589d2a3b31c16d06ce3.idx, size 0,002 MB took 1 ms
[04may2026 21:58:56.262] [AWT-EventQueue-0/DEBUG] [org.eclipse.jgit.internal.storage.file.Pack/]: Opening pack index /Users/macbook/git/CrashDetectorMC/.git/objects/pack/pack-e9a9af699ddd5dd8be8e33d8742cbcd1a043cc25.idx, size 0,002 MB took 1 ms
[04may2026 21:58:56.263] [AWT-EventQueue-0/DEBUG] [org.eclipse.jgit.internal.storage.file.Pack/]: Opening pack index /Users/macbook/git/CrashDetectorMC/.git/objects/pack/pack-17c1d3adea29da46b3d3cba34f2f5ecf61d779bd.idx, size 0,004 MB took 1 ms
[04may2026 21:58:56.270] [AWT-EventQueue-0/DEBUG] [org.eclipse.jgit.internal.storage.file.Pack/]: Opening pack index /Users/macbook/git/CrashDetectorMC/.git/objects/pack/pack-c81d3925d239b1137d3e5b1b3cb9c54f1239335c.idx, size 0,220 MB took 6 ms
[04may2026 21:58:56.270] [AWT-EventQueue-0/DEBUG] [org.eclipse.jgit.internal.storage.file.Pack/]: Opening pack index /Users/macbook/git/CrashDetectorMC/.git/objects/pack/pack-def0c2708744de8d600c0ca475d5c9d8c5afb31d.idx, size 0,001 MB took 0 ms
[04may2026 21:58:56.271] [AWT-EventQueue-0/DEBUG] [org.eclipse.jgit.internal.storage.file.Pack/]: Opening pack index /Users/macbook/git/CrashDetectorMC/.git/objects/pack/pack-5b489c1f9da0cae5dbeee417b0f037677c9bb312.idx, size 0,002 MB took 0 ms
[04may2026 21:58:56.272] [AWT-EventQueue-0/DEBUG] [org.eclipse.jgit.internal.storage.file.Pack/]: Opening pack index /Users/macbook/git/CrashDetectorMC/.git/objects/pack/pack-1461a1a382b95e26dca1787ff1433af0204c0b49.idx, size 0,002 MB took 1 ms
[04may2026 21:58:56.273] [AWT-EventQueue-0/DEBUG] [org.eclipse.jgit.internal.storage.file.Pack/]: Opening pack index /Users/macbook/git/CrashDetectorMC/.git/objects/pack/pack-c7eb1131dd37714a4beb2fcf869b508436767a26.idx, size 0,003 MB took 1 ms
[04may2026 21:58:56.274] [AWT-EventQueue-0/DEBUG] [org.eclipse.jgit.internal.storage.file.Pack/]: Opening pack index /Users/macbook/git/CrashDetectorMC/.git/objects/pack/pack-69898352f02f8442b70589e020bed2d5e37786ca.idx, size 0,002 MB took 0 ms
[04may2026 21:58:56.275] [AWT-EventQueue-0/DEBUG] [org.eclipse.jgit.internal.storage.file.FileSnapshot/]: file=/Users/macbook/git/CrashDetectorMC/.git/objects/pack, isRacyClean=false, read=2026-05-04 21:58:56.211014000, lastModified=2026-04-27 21:06:59.054396266, delta=607917156617734 ns, racy<=27500 ns
[04may2026 21:58:56.275] [AWT-EventQueue-0/DEBUG] [org.eclipse.jgit.internal.storage.file.FileSnapshot/]: file=/Users/macbook/git/CrashDetectorMC/.git/objects/pack, is unmodified
[04may2026 21:58:56.283] [AWT-EventQueue-0/DEBUG] [org.eclipse.jgit.internal.storage.file.FileSnapshot/]: file=/Users/macbook/git/CrashDetectorMC/.git/objects/pack, isRacyClean=false, read=2026-05-04 21:58:56.211014000, lastModified=2026-04-27 21:06:59.054396266, delta=607917156617734 ns, racy<=27500 ns
[04may2026 21:58:56.283] [AWT-EventQueue-0/DEBUG] [org.eclipse.jgit.internal.storage.file.FileSnapshot/]: file=/Users/macbook/git/CrashDetectorMC/.git/objects/pack, is unmodified
[04may2026 21:58:56.292] [AWT-EventQueue-0/DEBUG] [org.eclipse.jgit.internal.storage.file.FileSnapshot/]: file=/Users/macbook/git/CrashDetectorMC/.git/index, create new FileSnapshot: lastRead=2026-05-04 21:58:56.292589000, lastModified=2026-04-27 22:22:37.464780353, size=114098, fileKey=(dev=1000004,ino=2867914)
[04may2026 21:58:56.318] [AWT-EventQueue-0/DEBUG] [org.eclipse.jgit.internal.storage.file.FileSnapshot/]: file=/Users/macbook/git/CrashDetectorMC/.git/index, create new FileSnapshot: lastRead=2026-05-04 21:58:56.318129000, lastModified=2026-04-27 22:22:37.464780353, size=114098, fileKey=(dev=1000004,ino=2867914)
[04may2026 21:58:56.319] [AWT-EventQueue-0/DEBUG] [org.eclipse.jgit.internal.storage.file.FileSnapshot/]: file=/Users/macbook/.config/jgit/config, isRacyClean=false, read=2026-05-04 21:58:32.415015000, lastModified=2026-02-26 18:08:28.864028588, delta=5799003550986412 ns, racy<=2500000000 ns
[04may2026 21:58:56.320] [AWT-EventQueue-0/DEBUG] [org.eclipse.jgit.internal.storage.file.FileSnapshot/]: file=/Users/macbook/.config/jgit/config, is unmodified
[04may2026 21:58:56.320] [AWT-EventQueue-0/DEBUG] [org.eclipse.jgit.internal.storage.file.FileSnapshot/]: file=/Users/macbook/.gitconfig, isRacyClean=false, read=2026-05-04 21:58:34.792655000, lastModified=1969-12-31 16:00:00.000000000, delta=1777957114792655000 ns, racy<=2500000000 ns
[04may2026 21:58:56.320] [AWT-EventQueue-0/DEBUG] [org.eclipse.jgit.internal.storage.file.FileSnapshot/]: file=/Users/macbook/.gitconfig, is unmodified
[04may2026 21:58:56.320] [AWT-EventQueue-0/DEBUG] [org.eclipse.jgit.internal.storage.file.FileSnapshot/]: file=/Users/macbook/git/CrashDetectorMC/.git/config, isRacyClean=false, read=2026-05-04 21:58:56.048192000, lastModified=2026-02-26 20:44:03.661365839, delta=5789692386826161 ns, racy<=2500000000 ns
[04may2026 21:58:56.320] [AWT-EventQueue-0/DEBUG] [org.eclipse.jgit.internal.storage.file.FileSnapshot/]: file=/Users/macbook/git/CrashDetectorMC/.git/config, is unmodified
[04may2026 21:58:56.326] [AWT-EventQueue-0/DEBUG] [org.eclipse.jgit.internal.storage.file.FileSnapshot/]: file=/Users/macbook/git/CrashDetectorMC/.git/objects/pack, isRacyClean=false, read=2026-05-04 21:58:56.211014000, lastModified=2026-04-27 21:06:59.054396266, delta=607917156617734 ns, racy<=27500 ns
[04may2026 21:58:56.327] [AWT-EventQueue-0/DEBUG] [org.eclipse.jgit.internal.storage.file.FileSnapshot/]: file=/Users/macbook/git/CrashDetectorMC/.git/objects/pack, is unmodified
[04may2026 21:58:56.347] [AWT-EventQueue-0/DEBUG] [org.eclipse.jgit.internal.storage.file.FileSnapshot/]: file=/Users/macbook/.config/jgit/config, isRacyClean=false, read=2026-05-04 21:58:32.415015000, lastModified=2026-02-26 18:08:28.864028588, delta=5799003550986412 ns, racy<=2500000000 ns
[04may2026 21:58:56.347] [AWT-EventQueue-0/DEBUG] [org.eclipse.jgit.internal.storage.file.FileSnapshot/]: file=/Users/macbook/.config/jgit/config, is unmodified
[04may2026 21:58:56.348] [AWT-EventQueue-0/DEBUG] [org.eclipse.jgit.internal.storage.file.FileSnapshot/]: file=/Users/macbook/.gitconfig, isRacyClean=false, read=2026-05-04 21:58:34.792655000, lastModified=1969-12-31 16:00:00.000000000, delta=1777957114792655000 ns, racy<=2500000000 ns
[04may2026 21:58:56.348] [AWT-EventQueue-0/DEBUG] [org.eclipse.jgit.internal.storage.file.FileSnapshot/]: file=/Users/macbook/.gitconfig, is unmodified
[04may2026 21:58:56.348] [AWT-EventQueue-0/DEBUG] [org.eclipse.jgit.internal.storage.file.FileSnapshot/]: file=/Users/macbook/git/CrashDetectorMC/.git/config, isRacyClean=false, read=2026-05-04 21:58:56.048192000, lastModified=2026-02-26 20:44:03.661365839, delta=5789692386826161 ns, racy<=2500000000 ns
[04may2026 21:58:56.349] [AWT-EventQueue-0/DEBUG] [org.eclipse.jgit.internal.storage.file.FileSnapshot/]: file=/Users/macbook/git/CrashDetectorMC/.git/config, is unmodified
[04may2026 21:58:56.355] [AWT-EventQueue-0/DEBUG] [org.eclipse.jgit.internal.storage.file.FileSnapshot/]: file=/Users/macbook/.config/jgit/config, isRacyClean=false, read=2026-05-04 21:58:32.415015000, lastModified=2026-02-26 18:08:28.864028588, delta=5799003550986412 ns, racy<=2500000000 ns
[04may2026 21:58:56.355] [AWT-EventQueue-0/DEBUG] [org.eclipse.jgit.internal.storage.file.FileSnapshot/]: file=/Users/macbook/.config/jgit/config, is unmodified
[04may2026 21:58:56.356] [AWT-EventQueue-0/DEBUG] [org.eclipse.jgit.internal.storage.file.FileSnapshot/]: file=/Users/macbook/.gitconfig, isRacyClean=false, read=2026-05-04 21:58:34.792655000, lastModified=1969-12-31 16:00:00.000000000, delta=1777957114792655000 ns, racy<=2500000000 ns
[04may2026 21:58:56.356] [AWT-EventQueue-0/DEBUG] [org.eclipse.jgit.internal.storage.file.FileSnapshot/]: file=/Users/macbook/.gitconfig, is unmodified
[04may2026 21:58:56.356] [AWT-EventQueue-0/DEBUG] [org.eclipse.jgit.internal.storage.file.FileSnapshot/]: file=/Users/macbook/.config/jgit/config, isRacyClean=false, read=2026-05-04 21:58:32.415015000, lastModified=2026-02-26 18:08:28.864028588, delta=5799003550986412 ns, racy<=2500000000 ns
[04may2026 21:58:56.356] [AWT-EventQueue-0/DEBUG] [org.eclipse.jgit.internal.storage.file.FileSnapshot/]: file=/Users/macbook/.config/jgit/config, is unmodified
[04may2026 21:58:56.357] [AWT-EventQueue-0/DEBUG] [org.eclipse.jgit.internal.storage.file.FileSnapshot/]: file=/Users/macbook/.gitconfig, isRacyClean=false, read=2026-05-04 21:58:34.792655000, lastModified=1969-12-31 16:00:00.000000000, delta=1777957114792655000 ns, racy<=2500000000 ns
[04may2026 21:58:56.357] [AWT-EventQueue-0/DEBUG] [org.eclipse.jgit.internal.storage.file.FileSnapshot/]: file=/Users/macbook/.gitconfig, is unmodified
[04may2026 21:58:56.362] [AWT-EventQueue-0/DEBUG] [org.eclipse.jgit.internal.storage.file.FileSnapshot/]: file=/Users/macbook/git/CrashDetectorMC/.git/objects/pack, isRacyClean=false, read=2026-05-04 21:58:56.211014000, lastModified=2026-04-27 21:06:59.054396266, delta=607917156617734 ns, racy<=27500 ns
[04may2026 21:58:56.362] [AWT-EventQueue-0/DEBUG] [org.eclipse.jgit.internal.storage.file.FileSnapshot/]: file=/Users/macbook/git/CrashDetectorMC/.git/objects/pack, is unmodified
[04may2026 21:58:56.365] [AWT-EventQueue-0/DEBUG] [org.eclipse.jgit.internal.storage.file.FileSnapshot/]: file=/Users/macbook/git/CrashDetectorMC/.git/objects/pack, isRacyClean=false, read=2026-05-04 21:58:56.211014000, lastModified=2026-04-27 21:06:59.054396266, delta=607917156617734 ns, racy<=27500 ns
[04may2026 21:58:56.365] [AWT-EventQueue-0/DEBUG] [org.eclipse.jgit.internal.storage.file.FileSnapshot/]: file=/Users/macbook/git/CrashDetectorMC/.git/objects/pack, is unmodified
[04may2026 21:58:56.368] [AWT-EventQueue-0/DEBUG] [org.eclipse.jgit.internal.storage.file.FileSnapshot/]: file=/Users/macbook/git/CrashDetectorMC/.git/objects/pack, isRacyClean=false, read=2026-05-04 21:58:56.211014000, lastModified=2026-04-27 21:06:59.054396266, delta=607917156617734 ns, racy<=27500 ns
[04may2026 21:58:56.369] [AWT-EventQueue-0/DEBUG] [org.eclipse.jgit.internal.storage.file.FileSnapshot/]: file=/Users/macbook/git/CrashDetectorMC/.git/objects/pack, is unmodified
[04may2026 21:58:56.371] [AWT-EventQueue-0/DEBUG] [org.eclipse.jgit.internal.storage.file.FileSnapshot/]: file=/Users/macbook/git/CrashDetectorMC/.git/objects/pack, isRacyClean=false, read=2026-05-04 21:58:56.211014000, lastModified=2026-04-27 21:06:59.054396266, delta=607917156617734 ns, racy<=27500 ns
[04may2026 21:58:56.372] [AWT-EventQueue-0/DEBUG] [org.eclipse.jgit.internal.storage.file.FileSnapshot/]: file=/Users/macbook/git/CrashDetectorMC/.git/objects/pack, is unmodified
[04may2026 21:58:56.374] [AWT-EventQueue-0/DEBUG] [org.eclipse.jgit.internal.storage.file.FileSnapshot/]: file=/Users/macbook/git/CrashDetectorMC/.git/objects/pack, isRacyClean=false, read=2026-05-04 21:58:56.211014000, lastModified=2026-04-27 21:06:59.054396266, delta=607917156617734 ns, racy<=27500 ns
[04may2026 21:58:56.374] [AWT-EventQueue-0/DEBUG] [org.eclipse.jgit.internal.storage.file.FileSnapshot/]: file=/Users/macbook/git/CrashDetectorMC/.git/objects/pack, is unmodified
[04may2026 21:58:56.377] [AWT-EventQueue-0/DEBUG] [org.eclipse.jgit.internal.storage.file.FileSnapshot/]: file=/Users/macbook/git/CrashDetectorMC/.git/objects/pack, isRacyClean=false, read=2026-05-04 21:58:56.211014000, lastModified=2026-04-27 21:06:59.054396266, delta=607917156617734 ns, racy<=27500 ns
[04may2026 21:58:56.377] [AWT-EventQueue-0/DEBUG] [org.eclipse.jgit.internal.storage.file.FileSnapshot/]: file=/Users/macbook/git/CrashDetectorMC/.git/objects/pack, is unmodified
[04may2026 21:58:56.387] [AWT-EventQueue-0/DEBUG] [org.eclipse.jgit.internal.storage.file.FileSnapshot/]: file=/Users/macbook/git/CrashDetectorMC/.git/objects/pack, isRacyClean=false, read=2026-05-04 21:58:56.211014000, lastModified=2026-04-27 21:06:59.054396266, delta=607917156617734 ns, racy<=27500 ns
[04may2026 21:58:56.387] [AWT-EventQueue-0/DEBUG] [org.eclipse.jgit.internal.storage.file.FileSnapshot/]: file=/Users/macbook/git/CrashDetectorMC/.git/objects/pack, is unmodified
[04may2026 21:58:56.390] [AWT-EventQueue-0/DEBUG] [org.eclipse.jgit.internal.storage.file.FileSnapshot/]: file=/Users/macbook/git/CrashDetectorMC/.git/objects/pack, isRacyClean=false, read=2026-05-04 21:58:56.211014000, lastModified=2026-04-27 21:06:59.054396266, delta=607917156617734 ns, racy<=27500 ns
[04may2026 21:58:56.391] [AWT-EventQueue-0/DEBUG] [org.eclipse.jgit.internal.storage.file.FileSnapshot/]: file=/Users/macbook/git/CrashDetectorMC/.git/objects/pack, is unmodified
[04may2026 21:58:56.416] [AWT-EventQueue-0/DEBUG] [org.eclipse.jgit.internal.storage.file.FileSnapshot/]: file=/Users/macbook/.config/jgit/config, isRacyClean=false, read=2026-05-04 21:58:32.415015000, lastModified=2026-02-26 18:08:28.864028588, delta=5799003550986412 ns, racy<=2500000000 ns
[04may2026 21:58:56.416] [AWT-EventQueue-0/DEBUG] [org.eclipse.jgit.internal.storage.file.FileSnapshot/]: file=/Users/macbook/.config/jgit/config, is unmodified
[04may2026 21:58:56.417] [AWT-EventQueue-0/DEBUG] [org.eclipse.jgit.internal.storage.file.FileSnapshot/]: file=/Users/macbook/.gitconfig, isRacyClean=false, read=2026-05-04 21:58:34.792655000, lastModified=1969-12-31 16:00:00.000000000, delta=1777957114792655000 ns, racy<=2500000000 ns
[04may2026 21:58:56.417] [AWT-EventQueue-0/DEBUG] [org.eclipse.jgit.internal.storage.file.FileSnapshot/]: file=/Users/macbook/.gitconfig, is unmodified
[04may2026 21:58:56.417] [AWT-EventQueue-0/DEBUG] [org.eclipse.jgit.internal.storage.file.FileSnapshot/]: file=/Users/macbook/git/CrashDetectorMC/.git/config, isRacyClean=false, read=2026-05-04 21:58:56.048192000, lastModified=2026-02-26 20:44:03.661365839, delta=5789692386826161 ns, racy<=2500000000 ns
[04may2026 21:58:56.417] [AWT-EventQueue-0/DEBUG] [org.eclipse.jgit.internal.storage.file.FileSnapshot/]: file=/Users/macbook/git/CrashDetectorMC/.git/config, is unmodified
[04may2026 21:58:56.438] [AWT-EventQueue-0/DEBUG] [org.eclipse.jgit.internal.storage.file.FileSnapshot/]: file=/Users/macbook/.config/jgit/config, isRacyClean=false, read=2026-05-04 21:58:32.415015000, lastModified=2026-02-26 18:08:28.864028588, delta=5799003550986412 ns, racy<=2500000000 ns
[04may2026 21:58:56.438] [AWT-EventQueue-0/DEBUG] [org.eclipse.jgit.internal.storage.file.FileSnapshot/]: file=/Users/macbook/.config/jgit/config, is unmodified
[04may2026 21:58:56.438] [AWT-EventQueue-0/DEBUG] [org.eclipse.jgit.internal.storage.file.FileSnapshot/]: file=/Users/macbook/.gitconfig, isRacyClean=false, read=2026-05-04 21:58:34.792655000, lastModified=1969-12-31 16:00:00.000000000, delta=1777957114792655000 ns, racy<=2500000000 ns
[04may2026 21:58:56.438] [AWT-EventQueue-0/DEBUG] [org.eclipse.jgit.internal.storage.file.FileSnapshot/]: file=/Users/macbook/.gitconfig, is unmodified
[04may2026 21:58:56.453] [AWT-EventQueue-0/DEBUG] [org.eclipse.jgit.internal.storage.file.FileSnapshot/]: file=/Users/macbook/git/CrashDetectorMC/.git/objects/pack, isRacyClean=false, read=2026-05-04 21:58:56.211014000, lastModified=2026-04-27 21:06:59.054396266, delta=607917156617734 ns, racy<=27500 ns
[04may2026 21:58:56.453] [AWT-EventQueue-0/DEBUG] [org.eclipse.jgit.internal.storage.file.FileSnapshot/]: file=/Users/macbook/git/CrashDetectorMC/.git/objects/pack, is unmodified
[04may2026 21:58:56.457] [AWT-EventQueue-0/DEBUG] [org.eclipse.jgit.internal.storage.file.FileSnapshot/]: file=/Users/macbook/git/CrashDetectorMC/.git/objects/pack, isRacyClean=false, read=2026-05-04 21:58:56.211014000, lastModified=2026-04-27 21:06:59.054396266, delta=607917156617734 ns, racy<=27500 ns
[04may2026 21:58:56.457] [AWT-EventQueue-0/DEBUG] [org.eclipse.jgit.internal.storage.file.FileSnapshot/]: file=/Users/macbook/git/CrashDetectorMC/.git/objects/pack, is unmodified
[04may2026 21:58:56.465] [AWT-EventQueue-0/DEBUG] [org.eclipse.jgit.internal.storage.file.FileSnapshot/]: file=/Users/macbook/git/CrashDetectorMC/.git/objects/pack, isRacyClean=false, read=2026-05-04 21:58:56.211014000, lastModified=2026-04-27 21:06:59.054396266, delta=607917156617734 ns, racy<=27500 ns
[04may2026 21:58:56.466] [AWT-EventQueue-0/DEBUG] [org.eclipse.jgit.internal.storage.file.FileSnapshot/]: file=/Users/macbook/git/CrashDetectorMC/.git/objects/pack, is unmodified
[04may2026 21:58:56.468] [AWT-EventQueue-0/DEBUG] [org.eclipse.jgit.internal.storage.file.FileSnapshot/]: file=/Users/macbook/git/CrashDetectorMC/.git/objects/pack, isRacyClean=false, read=2026-05-04 21:58:56.211014000, lastModified=2026-04-27 21:06:59.054396266, delta=607917156617734 ns, racy<=27500 ns
[04may2026 21:58:56.469] [AWT-EventQueue-0/DEBUG] [org.eclipse.jgit.internal.storage.file.FileSnapshot/]: file=/Users/macbook/git/CrashDetectorMC/.git/objects/pack, is unmodified
[04may2026 21:58:56.471] [AWT-EventQueue-0/DEBUG] [org.eclipse.jgit.internal.storage.file.FileSnapshot/]: file=/Users/macbook/git/CrashDetectorMC/.git/objects/pack, isRacyClean=false, read=2026-05-04 21:58:56.211014000, lastModified=2026-04-27 21:06:59.054396266, delta=607917156617734 ns, racy<=27500 ns
[04may2026 21:58:56.471] [AWT-EventQueue-0/DEBUG] [org.eclipse.jgit.internal.storage.file.FileSnapshot/]: file=/Users/macbook/git/CrashDetectorMC/.git/objects/pack, is unmodified
[04may2026 21:58:56.474] [AWT-EventQueue-0/DEBUG] [org.eclipse.jgit.internal.storage.file.FileSnapshot/]: file=/Users/macbook/git/CrashDetectorMC/.git/objects/pack, isRacyClean=false, read=2026-05-04 21:58:56.211014000, lastModified=2026-04-27 21:06:59.054396266, delta=607917156617734 ns, racy<=27500 ns
[04may2026 21:58:56.474] [AWT-EventQueue-0/DEBUG] [org.eclipse.jgit.internal.storage.file.FileSnapshot/]: file=/Users/macbook/git/CrashDetectorMC/.git/objects/pack, is unmodified
[04may2026 21:58:56.477] [AWT-EventQueue-0/DEBUG] [org.eclipse.jgit.internal.storage.file.FileSnapshot/]: file=/Users/macbook/git/CrashDetectorMC/.git/objects/pack, isRacyClean=false, read=2026-05-04 21:58:56.211014000, lastModified=2026-04-27 21:06:59.054396266, delta=607917156617734 ns, racy<=27500 ns
[04may2026 21:58:56.477] [AWT-EventQueue-0/DEBUG] [org.eclipse.jgit.internal.storage.file.FileSnapshot/]: file=/Users/macbook/git/CrashDetectorMC/.git/objects/pack, is unmodified
[04may2026 21:58:56.479] [AWT-EventQueue-0/DEBUG] [org.eclipse.jgit.internal.storage.file.FileSnapshot/]: file=/Users/macbook/git/CrashDetectorMC/.git/objects/pack, isRacyClean=false, read=2026-05-04 21:58:56.211014000, lastModified=2026-04-27 21:06:59.054396266, delta=607917156617734 ns, racy<=27500 ns
[04may2026 21:58:56.479] [AWT-EventQueue-0/DEBUG] [org.eclipse.jgit.internal.storage.file.FileSnapshot/]: file=/Users/macbook/git/CrashDetectorMC/.git/objects/pack, is unmodified
[04may2026 21:58:56.480] [AWT-EventQueue-0/DEBUG] [org.eclipse.jgit.internal.storage.file.FileSnapshot/]: file=/Users/macbook/git/CrashDetectorMC/.git/objects/pack, isRacyClean=false, read=2026-05-04 21:58:56.211014000, lastModified=2026-04-27 21:06:59.054396266, delta=607917156617734 ns, racy<=27500 ns
[04may2026 21:58:56.481] [AWT-EventQueue-0/DEBUG] [org.eclipse.jgit.internal.storage.file.FileSnapshot/]: file=/Users/macbook/git/CrashDetectorMC/.git/objects/pack, is unmodified
[04may2026 21:58:56.490] [AWT-EventQueue-0/DEBUG] [org.eclipse.jgit.internal.storage.file.FileSnapshot/]: file=/Users/macbook/git/CrashDetectorMC/.git/objects/pack, isRacyClean=false, read=2026-05-04 21:58:56.211014000, lastModified=2026-04-27 21:06:59.054396266, delta=607917156617734 ns, racy<=27500 ns
[04may2026 21:58:56.490] [AWT-EventQueue-0/DEBUG] [org.eclipse.jgit.internal.storage.file.FileSnapshot/]: file=/Users/macbook/git/CrashDetectorMC/.git/objects/pack, is unmodified
[04may2026 21:58:56.496] [AWT-EventQueue-0/DEBUG] [org.eclipse.jgit.internal.storage.file.FileSnapshot/]: file=/Users/macbook/git/CrashDetectorMC/.git/objects/pack, isRacyClean=false, read=2026-05-04 21:58:56.211014000, lastModified=2026-04-27 21:06:59.054396266, delta=607917156617734 ns, racy<=27500 ns
[04may2026 21:58:56.496] [AWT-EventQueue-0/DEBUG] [org.eclipse.jgit.internal.storage.file.FileSnapshot/]: file=/Users/macbook/git/CrashDetectorMC/.git/objects/pack, is unmodified
[04may2026 21:58:56.498] [AWT-EventQueue-0/DEBUG] [org.eclipse.jgit.internal.storage.file.FileSnapshot/]: file=/Users/macbook/git/CrashDetectorMC/.git/objects/pack, isRacyClean=false, read=2026-05-04 21:58:56.211014000, lastModified=2026-04-27 21:06:59.054396266, delta=607917156617734 ns, racy<=27500 ns
[04may2026 21:58:56.498] [AWT-EventQueue-0/DEBUG] [org.eclipse.jgit.internal.storage.file.FileSnapshot/]: file=/Users/macbook/git/CrashDetectorMC/.git/objects/pack, is unmodified
[04may2026 21:58:56.502] [AWT-EventQueue-0/DEBUG] [org.eclipse.jgit.internal.storage.file.FileSnapshot/]: file=/Users/macbook/git/CrashDetectorMC/.git/objects/pack, isRacyClean=false, read=2026-05-04 21:58:56.211014000, lastModified=2026-04-27 21:06:59.054396266, delta=607917156617734 ns, racy<=27500 ns
[04may2026 21:58:56.502] [AWT-EventQueue-0/DEBUG] [org.eclipse.jgit.internal.storage.file.FileSnapshot/]: file=/Users/macbook/git/CrashDetectorMC/.git/objects/pack, is unmodified
[04may2026 21:58:56.506] [AWT-EventQueue-0/DEBUG] [org.eclipse.jgit.internal.storage.file.FileSnapshot/]: file=/Users/macbook/git/CrashDetectorMC/.git/objects/pack, isRacyClean=false, read=2026-05-04 21:58:56.211014000, lastModified=2026-04-27 21:06:59.054396266, delta=607917156617734 ns, racy<=27500 ns
[04may2026 21:58:56.506] [AWT-EventQueue-0/DEBUG] [org.eclipse.jgit.internal.storage.file.FileSnapshot/]: file=/Users/macbook/git/CrashDetectorMC/.git/objects/pack, is unmodified
[04may2026 21:58:56.508] [AWT-EventQueue-0/DEBUG] [org.eclipse.jgit.internal.storage.file.FileSnapshot/]: file=/Users/macbook/git/CrashDetectorMC/.git/objects/pack, isRacyClean=false, read=2026-05-04 21:58:56.211014000, lastModified=2026-04-27 21:06:59.054396266, delta=607917156617734 ns, racy<=27500 ns
[04may2026 21:58:56.508] [AWT-EventQueue-0/DEBUG] [org.eclipse.jgit.internal.storage.file.FileSnapshot/]: file=/Users/macbook/git/CrashDetectorMC/.git/objects/pack, is unmodified
[04may2026 21:58:56.511] [AWT-EventQueue-0/DEBUG] [org.eclipse.jgit.internal.storage.file.FileSnapshot/]: file=/Users/macbook/git/CrashDetectorMC/.git/objects/pack, isRacyClean=false, read=2026-05-04 21:58:56.211014000, lastModified=2026-04-27 21:06:59.054396266, delta=607917156617734 ns, racy<=27500 ns
[04may2026 21:58:56.511] [AWT-EventQueue-0/DEBUG] [org.eclipse.jgit.internal.storage.file.FileSnapshot/]: file=/Users/macbook/git/CrashDetectorMC/.git/objects/pack, is unmodified
[04may2026 21:58:56.513] [AWT-EventQueue-0/DEBUG] [org.eclipse.jgit.internal.storage.file.FileSnapshot/]: file=/Users/macbook/git/CrashDetectorMC/.git/objects/pack, isRacyClean=false, read=2026-05-04 21:58:56.211014000, lastModified=2026-04-27 21:06:59.054396266, delta=607917156617734 ns, racy<=27500 ns
[04may2026 21:58:56.513] [AWT-EventQueue-0/DEBUG] [org.eclipse.jgit.internal.storage.file.FileSnapshot/]: file=/Users/macbook/git/CrashDetectorMC/.git/objects/pack, is unmodified
[04may2026 21:58:56.516] [AWT-EventQueue-0/DEBUG] [org.eclipse.jgit.internal.storage.file.FileSnapshot/]: file=/Users/macbook/git/CrashDetectorMC/.git/objects/pack, isRacyClean=false, read=2026-05-04 21:58:56.211014000, lastModified=2026-04-27 21:06:59.054396266, delta=607917156617734 ns, racy<=27500 ns
[04may2026 21:58:56.516] [AWT-EventQueue-0/DEBUG] [org.eclipse.jgit.internal.storage.file.FileSnapshot/]: file=/Users/macbook/git/CrashDetectorMC/.git/objects/pack, is unmodified
[04may2026 21:58:56.519] [AWT-EventQueue-0/DEBUG] [org.eclipse.jgit.internal.storage.file.FileSnapshot/]: file=/Users/macbook/git/CrashDetectorMC/.git/objects/pack, isRacyClean=false, read=2026-05-04 21:58:56.211014000, lastModified=2026-04-27 21:06:59.054396266, delta=607917156617734 ns, racy<=27500 ns
[04may2026 21:58:56.519] [AWT-EventQueue-0/DEBUG] [org.eclipse.jgit.internal.storage.file.FileSnapshot/]: file=/Users/macbook/git/CrashDetectorMC/.git/objects/pack, is unmodified
[04may2026 21:58:56.522] [AWT-EventQueue-0/DEBUG] [org.eclipse.jgit.internal.storage.file.FileSnapshot/]: file=/Users/macbook/git/CrashDetectorMC/.git/objects/pack, isRacyClean=false, read=2026-05-04 21:58:56.211014000, lastModified=2026-04-27 21:06:59.054396266, delta=607917156617734 ns, racy<=27500 ns
[04may2026 21:58:56.522] [AWT-EventQueue-0/DEBUG] [org.eclipse.jgit.internal.storage.file.FileSnapshot/]: file=/Users/macbook/git/CrashDetectorMC/.git/objects/pack, is unmodified
[04may2026 21:58:56.525] [AWT-EventQueue-0/DEBUG] [org.eclipse.jgit.internal.storage.file.FileSnapshot/]: file=/Users/macbook/git/CrashDetectorMC/.git/objects/pack, isRacyClean=false, read=2026-05-04 21:58:56.211014000, lastModified=2026-04-27 21:06:59.054396266, delta=607917156617734 ns, racy<=27500 ns
[04may2026 21:58:56.526] [AWT-EventQueue-0/DEBUG] [org.eclipse.jgit.internal.storage.file.FileSnapshot/]: file=/Users/macbook/git/CrashDetectorMC/.git/objects/pack, is unmodified
[04may2026 21:58:56.528] [AWT-EventQueue-0/DEBUG] [org.eclipse.jgit.internal.storage.file.FileSnapshot/]: file=/Users/macbook/git/CrashDetectorMC/.git/objects/pack, isRacyClean=false, read=2026-05-04 21:58:56.211014000, lastModified=2026-04-27 21:06:59.054396266, delta=607917156617734 ns, racy<=27500 ns
[04may2026 21:58:56.528] [AWT-EventQueue-0/DEBUG] [org.eclipse.jgit.internal.storage.file.FileSnapshot/]: file=/Users/macbook/git/CrashDetectorMC/.git/objects/pack, is unmodified
[04may2026 21:58:56.531] [AWT-EventQueue-0/DEBUG] [org.eclipse.jgit.internal.storage.file.FileSnapshot/]: file=/Users/macbook/git/CrashDetectorMC/.git/objects/pack, isRacyClean=false, read=2026-05-04 21:58:56.211014000, lastModified=2026-04-27 21:06:59.054396266, delta=607917156617734 ns, racy<=27500 ns
[04may2026 21:58:56.531] [AWT-EventQueue-0/DEBUG] [org.eclipse.jgit.internal.storage.file.FileSnapshot/]: file=/Users/macbook/git/CrashDetectorMC/.git/objects/pack, is unmodified
[04may2026 21:58:56.537] [AWT-EventQueue-0/DEBUG] [org.eclipse.jgit.internal.storage.file.FileSnapshot/]: file=/Users/macbook/git/CrashDetectorMC/.git/objects/pack, isRacyClean=false, read=2026-05-04 21:58:56.211014000, lastModified=2026-04-27 21:06:59.054396266, delta=607917156617734 ns, racy<=27500 ns
[04may2026 21:58:56.537] [AWT-EventQueue-0/DEBUG] [org.eclipse.jgit.internal.storage.file.FileSnapshot/]: file=/Users/macbook/git/CrashDetectorMC/.git/objects/pack, is unmodified
[04may2026 21:58:56.540] [AWT-EventQueue-0/DEBUG] [org.eclipse.jgit.internal.storage.file.FileSnapshot/]: file=/Users/macbook/git/CrashDetectorMC/.git/objects/pack, isRacyClean=false, read=2026-05-04 21:58:56.211014000, lastModified=2026-04-27 21:06:59.054396266, delta=607917156617734 ns, racy<=27500 ns
[04may2026 21:58:56.541] [AWT-EventQueue-0/DEBUG] [org.eclipse.jgit.internal.storage.file.FileSnapshot/]: file=/Users/macbook/git/CrashDetectorMC/.git/objects/pack, is unmodified
[04may2026 21:58:56.545] [AWT-EventQueue-0/DEBUG] [org.eclipse.jgit.internal.storage.file.FileSnapshot/]: file=/Users/macbook/git/CrashDetectorMC/.git/objects/pack, isRacyClean=false, read=2026-05-04 21:58:56.211014000, lastModified=2026-04-27 21:06:59.054396266, delta=607917156617734 ns, racy<=27500 ns
[04may2026 21:58:56.545] [AWT-EventQueue-0/DEBUG] [org.eclipse.jgit.internal.storage.file.FileSnapshot/]: file=/Users/macbook/git/CrashDetectorMC/.git/objects/pack, is unmodified
[04may2026 21:58:56.549] [AWT-EventQueue-0/DEBUG] [org.eclipse.jgit.internal.storage.file.FileSnapshot/]: file=/Users/macbook/git/CrashDetectorMC/.git/objects/pack, isRacyClean=false, read=2026-05-04 21:58:56.211014000, lastModified=2026-04-27 21:06:59.054396266, delta=607917156617734 ns, racy<=27500 ns
[04may2026 21:58:56.549] [AWT-EventQueue-0/DEBUG] [org.eclipse.jgit.internal.storage.file.FileSnapshot/]: file=/Users/macbook/git/CrashDetectorMC/.git/objects/pack, is unmodified
[04may2026 21:58:56.553] [AWT-EventQueue-0/DEBUG] [org.eclipse.jgit.internal.storage.file.FileSnapshot/]: file=/Users/macbook/git/CrashDetectorMC/.git/objects/pack, isRacyClean=false, read=2026-05-04 21:58:56.211014000, lastModified=2026-04-27 21:06:59.054396266, delta=607917156617734 ns, racy<=27500 ns
[04may2026 21:58:56.554] [AWT-EventQueue-0/DEBUG] [org.eclipse.jgit.internal.storage.file.FileSnapshot/]: file=/Users/macbook/git/CrashDetectorMC/.git/objects/pack, is unmodified
[04may2026 21:58:56.557] [AWT-EventQueue-0/DEBUG] [org.eclipse.jgit.internal.storage.file.FileSnapshot/]: file=/Users/macbook/git/CrashDetectorMC/.git/objects/pack, isRacyClean=false, read=2026-05-04 21:58:56.211014000, lastModified=2026-04-27 21:06:59.054396266, delta=607917156617734 ns, racy<=27500 ns
[04may2026 21:58:56.557] [AWT-EventQueue-0/DEBUG] [org.eclipse.jgit.internal.storage.file.FileSnapshot/]: file=/Users/macbook/git/CrashDetectorMC/.git/objects/pack, is unmodified
[04may2026 21:58:56.562] [AWT-EventQueue-0/DEBUG] [org.eclipse.jgit.internal.storage.file.FileSnapshot/]: file=/Users/macbook/git/CrashDetectorMC/.git/objects/pack, isRacyClean=false, read=2026-05-04 21:58:56.211014000, lastModified=2026-04-27 21:06:59.054396266, delta=607917156617734 ns, racy<=27500 ns
[04may2026 21:58:56.563] [AWT-EventQueue-0/DEBUG] [org.eclipse.jgit.internal.storage.file.FileSnapshot/]: file=/Users/macbook/git/CrashDetectorMC/.git/objects/pack, is unmodified
[04may2026 21:58:56.565] [AWT-EventQueue-0/DEBUG] [org.eclipse.jgit.internal.storage.file.FileSnapshot/]: file=/Users/macbook/git/CrashDetectorMC/.git/objects/pack, isRacyClean=false, read=2026-05-04 21:58:56.211014000, lastModified=2026-04-27 21:06:59.054396266, delta=607917156617734 ns, racy<=27500 ns
[04may2026 21:58:56.565] [AWT-EventQueue-0/DEBUG] [org.eclipse.jgit.internal.storage.file.FileSnapshot/]: file=/Users/macbook/git/CrashDetectorMC/.git/objects/pack, is unmodified
[04may2026 21:58:56.569] [AWT-EventQueue-0/DEBUG] [org.eclipse.jgit.internal.storage.file.FileSnapshot/]: file=/Users/macbook/git/CrashDetectorMC/.git/objects/pack, isRacyClean=false, read=2026-05-04 21:58:56.211014000, lastModified=2026-04-27 21:06:59.054396266, delta=607917156617734 ns, racy<=27500 ns
[04may2026 21:58:56.569] [AWT-EventQueue-0/DEBUG] [org.eclipse.jgit.internal.storage.file.FileSnapshot/]: file=/Users/macbook/git/CrashDetectorMC/.git/objects/pack, is unmodified
[04may2026 21:58:56.571] [AWT-EventQueue-0/DEBUG] [org.eclipse.jgit.internal.storage.file.FileSnapshot/]: file=/Users/macbook/git/CrashDetectorMC/.git/objects/pack, isRacyClean=false, read=2026-05-04 21:58:56.211014000, lastModified=2026-04-27 21:06:59.054396266, delta=607917156617734 ns, racy<=27500 ns
[04may2026 21:58:56.571] [AWT-EventQueue-0/DEBUG] [org.eclipse.jgit.internal.storage.file.FileSnapshot/]: file=/Users/macbook/git/CrashDetectorMC/.git/objects/pack, is unmodified
[04may2026 21:58:56.574] [AWT-EventQueue-0/DEBUG] [org.eclipse.jgit.internal.storage.file.FileSnapshot/]: file=/Users/macbook/git/CrashDetectorMC/.git/objects/pack, isRacyClean=false, read=2026-05-04 21:58:56.211014000, lastModified=2026-04-27 21:06:59.054396266, delta=607917156617734 ns, racy<=27500 ns
[04may2026 21:58:56.574] [AWT-EventQueue-0/DEBUG] [org.eclipse.jgit.internal.storage.file.FileSnapshot/]: file=/Users/macbook/git/CrashDetectorMC/.git/objects/pack, is unmodified
[04may2026 21:58:56.576] [AWT-EventQueue-0/DEBUG] [org.eclipse.jgit.internal.storage.file.FileSnapshot/]: file=/Users/macbook/git/CrashDetectorMC/.git/objects/pack, isRacyClean=false, read=2026-05-04 21:58:56.211014000, lastModified=2026-04-27 21:06:59.054396266, delta=607917156617734 ns, racy<=27500 ns
[04may2026 21:58:56.577] [AWT-EventQueue-0/DEBUG] [org.eclipse.jgit.internal.storage.file.FileSnapshot/]: file=/Users/macbook/git/CrashDetectorMC/.git/objects/pack, is unmodified
[04may2026 21:58:56.578] [AWT-EventQueue-0/DEBUG] [org.eclipse.jgit.internal.storage.file.FileSnapshot/]: file=/Users/macbook/git/CrashDetectorMC/.git/objects/pack, isRacyClean=false, read=2026-05-04 21:58:56.211014000, lastModified=2026-04-27 21:06:59.054396266, delta=607917156617734 ns, racy<=27500 ns
[04may2026 21:58:56.579] [AWT-EventQueue-0/DEBUG] [org.eclipse.jgit.internal.storage.file.FileSnapshot/]: file=/Users/macbook/git/CrashDetectorMC/.git/objects/pack, is unmodified
[04may2026 21:58:56.586] [AWT-EventQueue-0/DEBUG] [org.eclipse.jgit.internal.storage.file.FileSnapshot/]: file=/Users/macbook/git/CrashDetectorMC/.git/objects/pack, isRacyClean=false, read=2026-05-04 21:58:56.211014000, lastModified=2026-04-27 21:06:59.054396266, delta=607917156617734 ns, racy<=27500 ns
[04may2026 21:58:56.587] [AWT-EventQueue-0/DEBUG] [org.eclipse.jgit.internal.storage.file.FileSnapshot/]: file=/Users/macbook/git/CrashDetectorMC/.git/objects/pack, is unmodified
[04may2026 21:58:56.588] [AWT-EventQueue-0/DEBUG] [org.eclipse.jgit.internal.storage.file.FileSnapshot/]: file=/Users/macbook/git/CrashDetectorMC/.git/objects/pack, isRacyClean=false, read=2026-05-04 21:58:56.211014000, lastModified=2026-04-27 21:06:59.054396266, delta=607917156617734 ns, racy<=27500 ns
[04may2026 21:58:56.589] [AWT-EventQueue-0/DEBUG] [org.eclipse.jgit.internal.storage.file.FileSnapshot/]: file=/Users/macbook/git/CrashDetectorMC/.git/objects/pack, is unmodified
[04may2026 21:58:56.592] [AWT-EventQueue-0/DEBUG] [org.eclipse.jgit.internal.storage.file.FileSnapshot/]: file=/Users/macbook/git/CrashDetectorMC/.git/objects/pack, isRacyClean=false, read=2026-05-04 21:58:56.211014000, lastModified=2026-04-27 21:06:59.054396266, delta=607917156617734 ns, racy<=27500 ns
[04may2026 21:58:56.592] [AWT-EventQueue-0/DEBUG] [org.eclipse.jgit.internal.storage.file.FileSnapshot/]: file=/Users/macbook/git/CrashDetectorMC/.git/objects/pack, is unmodified
[04may2026 21:58:56.604] [AWT-EventQueue-0/DEBUG] [org.eclipse.jgit.internal.storage.file.FileSnapshot/]: file=/Users/macbook/git/CrashDetectorMC/.git/objects/pack, isRacyClean=false, read=2026-05-04 21:58:56.211014000, lastModified=2026-04-27 21:06:59.054396266, delta=607917156617734 ns, racy<=27500 ns
[04may2026 21:58:56.605] [AWT-EventQueue-0/DEBUG] [org.eclipse.jgit.internal.storage.file.FileSnapshot/]: file=/Users/macbook/git/CrashDetectorMC/.git/objects/pack, is unmodified
[04may2026 21:58:56.609] [AWT-EventQueue-0/DEBUG] [org.eclipse.jgit.internal.storage.file.FileSnapshot/]: file=/Users/macbook/git/CrashDetectorMC/.git/objects/pack, isRacyClean=false, read=2026-05-04 21:58:56.211014000, lastModified=2026-04-27 21:06:59.054396266, delta=607917156617734 ns, racy<=27500 ns
[04may2026 21:58:56.609] [AWT-EventQueue-0/DEBUG] [org.eclipse.jgit.internal.storage.file.FileSnapshot/]: file=/Users/macbook/git/CrashDetectorMC/.git/objects/pack, is unmodified
[04may2026 21:58:56.613] [AWT-EventQueue-0/DEBUG] [org.eclipse.jgit.internal.storage.file.FileSnapshot/]: file=/Users/macbook/git/CrashDetectorMC/.git/objects/pack, isRacyClean=false, read=2026-05-04 21:58:56.211014000, lastModified=2026-04-27 21:06:59.054396266, delta=607917156617734 ns, racy<=27500 ns
[04may2026 21:58:56.613] [AWT-EventQueue-0/DEBUG] [org.eclipse.jgit.internal.storage.file.FileSnapshot/]: file=/Users/macbook/git/CrashDetectorMC/.git/objects/pack, is unmodified
[04may2026 21:58:56.615] [AWT-EventQueue-0/DEBUG] [org.eclipse.jgit.internal.storage.file.FileSnapshot/]: file=/Users/macbook/git/CrashDetectorMC/.git/objects/pack, isRacyClean=false, read=2026-05-04 21:58:56.211014000, lastModified=2026-04-27 21:06:59.054396266, delta=607917156617734 ns, racy<=27500 ns
[04may2026 21:58:56.615] [AWT-EventQueue-0/DEBUG] [org.eclipse.jgit.internal.storage.file.FileSnapshot/]: file=/Users/macbook/git/CrashDetectorMC/.git/objects/pack, is unmodified
[04may2026 21:58:56.616] [AWT-EventQueue-0/DEBUG] [org.eclipse.jgit.internal.storage.file.FileSnapshot/]: file=/Users/macbook/git/CrashDetectorMC/.git/objects/pack, isRacyClean=false, read=2026-05-04 21:58:56.211014000, lastModified=2026-04-27 21:06:59.054396266, delta=607917156617734 ns, racy<=27500 ns
[04may2026 21:58:56.617] [AWT-EventQueue-0/DEBUG] [org.eclipse.jgit.internal.storage.file.FileSnapshot/]: file=/Users/macbook/git/CrashDetectorMC/.git/objects/pack, is unmodified
[04may2026 21:58:56.619] [AWT-EventQueue-0/DEBUG] [org.eclipse.jgit.internal.storage.file.FileSnapshot/]: file=/Users/macbook/git/CrashDetectorMC/.git/objects/pack, isRacyClean=false, read=2026-05-04 21:58:56.211014000, lastModified=2026-04-27 21:06:59.054396266, delta=607917156617734 ns, racy<=27500 ns
[04may2026 21:58:56.620] [AWT-EventQueue-0/DEBUG] [org.eclipse.jgit.internal.storage.file.FileSnapshot/]: file=/Users/macbook/git/CrashDetectorMC/.git/objects/pack, is unmodified
[04may2026 21:58:56.630] [AWT-EventQueue-0/DEBUG] [org.eclipse.jgit.internal.storage.file.FileSnapshot/]: file=/Users/macbook/.config/jgit/config, isRacyClean=false, read=2026-05-04 21:58:32.415015000, lastModified=2026-02-26 18:08:28.864028588, delta=5799003550986412 ns, racy<=2500000000 ns
[04may2026 21:58:56.630] [AWT-EventQueue-0/DEBUG] [org.eclipse.jgit.internal.storage.file.FileSnapshot/]: file=/Users/macbook/.config/jgit/config, is unmodified
[04may2026 21:58:56.630] [AWT-EventQueue-0/DEBUG] [org.eclipse.jgit.internal.storage.file.FileSnapshot/]: file=/Users/macbook/.gitconfig, isRacyClean=false, read=2026-05-04 21:58:34.792655000, lastModified=1969-12-31 16:00:00.000000000, delta=1777957114792655000 ns, racy<=2500000000 ns
[04may2026 21:58:56.630] [AWT-EventQueue-0/DEBUG] [org.eclipse.jgit.internal.storage.file.FileSnapshot/]: file=/Users/macbook/.gitconfig, is unmodified
[04may2026 21:58:56.631] [AWT-EventQueue-0/DEBUG] [org.eclipse.jgit.internal.storage.file.FileSnapshot/]: file=/Users/macbook/git/CrashDetectorMC/.git/config, isRacyClean=false, read=2026-05-04 21:58:56.048192000, lastModified=2026-02-26 20:44:03.661365839, delta=5789692386826161 ns, racy<=2500000000 ns
[04may2026 21:58:56.631] [AWT-EventQueue-0/DEBUG] [org.eclipse.jgit.internal.storage.file.FileSnapshot/]: file=/Users/macbook/git/CrashDetectorMC/.git/config, is unmodified
[04may2026 21:58:56.631] [AWT-EventQueue-0/DEBUG] [org.eclipse.jgit.internal.storage.file.FileSnapshot/]: file=/Users/macbook/.config/jgit/config, isRacyClean=false, read=2026-05-04 21:58:32.415015000, lastModified=2026-02-26 18:08:28.864028588, delta=5799003550986412 ns, racy<=2500000000 ns
[04may2026 21:58:56.631] [AWT-EventQueue-0/DEBUG] [org.eclipse.jgit.internal.storage.file.FileSnapshot/]: file=/Users/macbook/.config/jgit/config, is unmodified
[04may2026 21:58:56.631] [AWT-EventQueue-0/DEBUG] [org.eclipse.jgit.internal.storage.file.FileSnapshot/]: file=/Users/macbook/.gitconfig, isRacyClean=false, read=2026-05-04 21:58:34.792655000, lastModified=1969-12-31 16:00:00.000000000, delta=1777957114792655000 ns, racy<=2500000000 ns
[04may2026 21:58:56.632] [AWT-EventQueue-0/DEBUG] [org.eclipse.jgit.internal.storage.file.FileSnapshot/]: file=/Users/macbook/.gitconfig, is unmodified
[04may2026 21:58:56.632] [AWT-EventQueue-0/DEBUG] [org.eclipse.jgit.internal.storage.file.FileSnapshot/]: file=/Users/macbook/git/CrashDetectorMC/.git/config, isRacyClean=false, read=2026-05-04 21:58:56.048192000, lastModified=2026-02-26 20:44:03.661365839, delta=5789692386826161 ns, racy<=2500000000 ns
[04may2026 21:58:56.632] [AWT-EventQueue-0/DEBUG] [org.eclipse.jgit.internal.storage.file.FileSnapshot/]: file=/Users/macbook/git/CrashDetectorMC/.git/config, is unmodified
[04may2026 21:58:56.640] [AWT-EventQueue-0/DEBUG] [org.eclipse.jgit.internal.storage.file.FileSnapshot/]: file=/Users/macbook/.config/jgit/config, isRacyClean=false, read=2026-05-04 21:58:32.415015000, lastModified=2026-02-26 18:08:28.864028588, delta=5799003550986412 ns, racy<=2500000000 ns
[04may2026 21:58:56.641] [AWT-EventQueue-0/DEBUG] [org.eclipse.jgit.internal.storage.file.FileSnapshot/]: file=/Users/macbook/.config/jgit/config, is unmodified
[04may2026 21:58:56.641] [AWT-EventQueue-0/DEBUG] [org.eclipse.jgit.internal.storage.file.FileSnapshot/]: file=/Users/macbook/.gitconfig, isRacyClean=false, read=2026-05-04 21:58:34.792655000, lastModified=1969-12-31 16:00:00.000000000, delta=1777957114792655000 ns, racy<=2500000000 ns
[04may2026 21:58:56.641] [AWT-EventQueue-0/DEBUG] [org.eclipse.jgit.internal.storage.file.FileSnapshot/]: file=/Users/macbook/.gitconfig, is unmodified
[04may2026 21:58:56.641] [AWT-EventQueue-0/DEBUG] [org.eclipse.jgit.internal.storage.file.FileSnapshot/]: file=/Users/macbook/git/CrashDetectorMC/.git/config, isRacyClean=false, read=2026-05-04 21:58:56.048192000, lastModified=2026-02-26 20:44:03.661365839, delta=5789692386826161 ns, racy<=2500000000 ns
[04may2026 21:58:56.641] [AWT-EventQueue-0/DEBUG] [org.eclipse.jgit.internal.storage.file.FileSnapshot/]: file=/Users/macbook/git/CrashDetectorMC/.git/config, is unmodified
[04may2026 21:58:56.642] [AWT-EventQueue-0/DEBUG] [org.eclipse.jgit.internal.storage.file.FileSnapshot/]: file=/Users/macbook/git/CrashDetectorMC/.git/HEAD, isRacyClean=false, read=2026-05-04 21:58:56.175460000, lastModified=2026-02-26 20:44:03.664554053, delta=5789692510905947 ns, racy<=27500 ns
[04may2026 21:58:56.642] [AWT-EventQueue-0/DEBUG] [org.eclipse.jgit.internal.storage.file.FileSnapshot/]: file=/Users/macbook/git/CrashDetectorMC/.git/HEAD, is unmodified
[04may2026 21:58:56.642] [AWT-EventQueue-0/DEBUG] [org.eclipse.jgit.internal.storage.file.FileSnapshot/]: file=/Users/macbook/git/CrashDetectorMC/.git/refs/heads/main, isRacyClean=false, read=2026-05-04 21:58:56.181805000, lastModified=2026-04-27 22:22:40.406496643, delta=603375775308357 ns, racy<=27500 ns
[04may2026 21:58:56.642] [AWT-EventQueue-0/DEBUG] [org.eclipse.jgit.internal.storage.file.FileSnapshot/]: file=/Users/macbook/git/CrashDetectorMC/.git/refs/heads/main, is unmodified
[04may2026 21:58:56.642] [AWT-EventQueue-0/DEBUG] [org.eclipse.jgit.internal.storage.file.FileSnapshot/]: file=/Users/macbook/.config/jgit/config, isRacyClean=false, read=2026-05-04 21:58:32.415015000, lastModified=2026-02-26 18:08:28.864028588, delta=5799003550986412 ns, racy<=2500000000 ns
[04may2026 21:58:56.642] [AWT-EventQueue-0/DEBUG] [org.eclipse.jgit.internal.storage.file.FileSnapshot/]: file=/Users/macbook/.config/jgit/config, is unmodified
[04may2026 21:58:56.643] [AWT-EventQueue-0/DEBUG] [org.eclipse.jgit.internal.storage.file.FileSnapshot/]: file=/Users/macbook/.gitconfig, isRacyClean=false, read=2026-05-04 21:58:34.792655000, lastModified=1969-12-31 16:00:00.000000000, delta=1777957114792655000 ns, racy<=2500000000 ns
[04may2026 21:58:56.643] [AWT-EventQueue-0/DEBUG] [org.eclipse.jgit.internal.storage.file.FileSnapshot/]: file=/Users/macbook/.gitconfig, is unmodified
[04may2026 21:58:56.643] [AWT-EventQueue-0/DEBUG] [org.eclipse.jgit.internal.storage.file.FileSnapshot/]: file=/Users/macbook/git/CrashDetectorMC/.git/config, isRacyClean=false, read=2026-05-04 21:58:56.048192000, lastModified=2026-02-26 20:44:03.661365839, delta=5789692386826161 ns, racy<=2500000000 ns
[04may2026 21:58:56.643] [AWT-EventQueue-0/DEBUG] [org.eclipse.jgit.internal.storage.file.FileSnapshot/]: file=/Users/macbook/git/CrashDetectorMC/.git/config, is unmodified
[04may2026 21:58:56.643] [AWT-EventQueue-0/DEBUG] [org.eclipse.jgit.internal.storage.file.FileSnapshot/]: file=/Users/macbook/git/CrashDetectorMC/.git/HEAD, isRacyClean=false, read=2026-05-04 21:58:56.175460000, lastModified=2026-02-26 20:44:03.664554053, delta=5789692510905947 ns, racy<=27500 ns
[04may2026 21:58:56.644] [AWT-EventQueue-0/DEBUG] [org.eclipse.jgit.internal.storage.file.FileSnapshot/]: file=/Users/macbook/git/CrashDetectorMC/.git/HEAD, is unmodified
[04may2026 21:58:56.644] [AWT-EventQueue-0/DEBUG] [org.eclipse.jgit.internal.storage.file.FileSnapshot/]: file=/Users/macbook/git/CrashDetectorMC/.git/refs/heads/main, isRacyClean=false, read=2026-05-04 21:58:56.181805000, lastModified=2026-04-27 22:22:40.406496643, delta=603375775308357 ns, racy<=27500 ns
[04may2026 21:58:56.644] [AWT-EventQueue-0/DEBUG] [org.eclipse.jgit.internal.storage.file.FileSnapshot/]: file=/Users/macbook/git/CrashDetectorMC/.git/refs/heads/main, is unmodified
[04may2026 21:58:56.644] [AWT-EventQueue-0/DEBUG] [org.eclipse.jgit.internal.storage.file.FileSnapshot/]: file=/Users/macbook/git/CrashDetectorMC/.git/objects/pack, isRacyClean=false, read=2026-05-04 21:58:56.211014000, lastModified=2026-04-27 21:06:59.054396266, delta=607917156617734 ns, racy<=27500 ns
[04may2026 21:58:56.644] [AWT-EventQueue-0/DEBUG] [org.eclipse.jgit.internal.storage.file.FileSnapshot/]: file=/Users/macbook/git/CrashDetectorMC/.git/objects/pack, is unmodified
[04may2026 21:58:56.647] [AWT-EventQueue-0/DEBUG] [org.eclipse.jgit.internal.storage.file.FileSnapshot/]: file=/Users/macbook/git/CrashDetectorMC/.git/objects/pack, isRacyClean=false, read=2026-05-04 21:58:56.211014000, lastModified=2026-04-27 21:06:59.054396266, delta=607917156617734 ns, racy<=27500 ns
[04may2026 21:58:56.647] [AWT-EventQueue-0/DEBUG] [org.eclipse.jgit.internal.storage.file.FileSnapshot/]: file=/Users/macbook/git/CrashDetectorMC/.git/objects/pack, is unmodified
[04may2026 21:58:56.650] [AWT-EventQueue-0/DEBUG] [org.eclipse.jgit.internal.storage.file.FileSnapshot/]: file=/Users/macbook/git/CrashDetectorMC/.git/objects/pack, isRacyClean=false, read=2026-05-04 21:58:56.211014000, lastModified=2026-04-27 21:06:59.054396266, delta=607917156617734 ns, racy<=27500 ns
[04may2026 21:58:56.650] [AWT-EventQueue-0/DEBUG] [org.eclipse.jgit.internal.storage.file.FileSnapshot/]: file=/Users/macbook/git/CrashDetectorMC/.git/objects/pack, is unmodified
[04may2026 21:58:56.652] [AWT-EventQueue-0/DEBUG] [org.eclipse.jgit.internal.storage.file.FileSnapshot/]: file=/Users/macbook/git/CrashDetectorMC/.git/objects/pack, isRacyClean=false, read=2026-05-04 21:58:56.211014000, lastModified=2026-04-27 21:06:59.054396266, delta=607917156617734 ns, racy<=27500 ns
[04may2026 21:58:56.652] [AWT-EventQueue-0/DEBUG] [org.eclipse.jgit.internal.storage.file.FileSnapshot/]: file=/Users/macbook/git/CrashDetectorMC/.git/objects/pack, is unmodified
[04may2026 21:58:56.654] [AWT-EventQueue-0/DEBUG] [org.eclipse.jgit.internal.storage.file.FileSnapshot/]: file=/Users/macbook/git/CrashDetectorMC/.git/objects/pack, isRacyClean=false, read=2026-05-04 21:58:56.211014000, lastModified=2026-04-27 21:06:59.054396266, delta=607917156617734 ns, racy<=27500 ns
[04may2026 21:58:56.654] [AWT-EventQueue-0/DEBUG] [org.eclipse.jgit.internal.storage.file.FileSnapshot/]: file=/Users/macbook/git/CrashDetectorMC/.git/objects/pack, is unmodified
[04may2026 21:58:56.655] [AWT-EventQueue-0/DEBUG] [org.eclipse.jgit.internal.storage.file.FileSnapshot/]: file=/Users/macbook/git/CrashDetectorMC/.git/objects/pack, isRacyClean=false, read=2026-05-04 21:58:56.211014000, lastModified=2026-04-27 21:06:59.054396266, delta=607917156617734 ns, racy<=27500 ns
[04may2026 21:58:56.655] [AWT-EventQueue-0/DEBUG] [org.eclipse.jgit.internal.storage.file.FileSnapshot/]: file=/Users/macbook/git/CrashDetectorMC/.git/objects/pack, is unmodified
[04may2026 21:58:56.657] [AWT-EventQueue-0/DEBUG] [org.eclipse.jgit.internal.storage.file.FileSnapshot/]: file=/Users/macbook/git/CrashDetectorMC/.git/objects/pack, isRacyClean=false, read=2026-05-04 21:58:56.211014000, lastModified=2026-04-27 21:06:59.054396266, delta=607917156617734 ns, racy<=27500 ns
[04may2026 21:58:56.658] [AWT-EventQueue-0/DEBUG] [org.eclipse.jgit.internal.storage.file.FileSnapshot/]: file=/Users/macbook/git/CrashDetectorMC/.git/objects/pack, is unmodified
[04may2026 21:58:56.659] [AWT-EventQueue-0/DEBUG] [org.eclipse.jgit.internal.storage.file.FileSnapshot/]: file=/Users/macbook/git/CrashDetectorMC/.git/objects/pack, isRacyClean=false, read=2026-05-04 21:58:56.211014000, lastModified=2026-04-27 21:06:59.054396266, delta=607917156617734 ns, racy<=27500 ns
[04may2026 21:58:56.659] [AWT-EventQueue-0/DEBUG] [org.eclipse.jgit.internal.storage.file.FileSnapshot/]: file=/Users/macbook/git/CrashDetectorMC/.git/objects/pack, is unmodified
[04may2026 21:58:56.661] [AWT-EventQueue-0/DEBUG] [org.eclipse.jgit.internal.storage.file.FileSnapshot/]: file=/Users/macbook/git/CrashDetectorMC/.git/objects/pack, isRacyClean=false, read=2026-05-04 21:58:56.211014000, lastModified=2026-04-27 21:06:59.054396266, delta=607917156617734 ns, racy<=27500 ns
[04may2026 21:58:56.661] [AWT-EventQueue-0/DEBUG] [org.eclipse.jgit.internal.storage.file.FileSnapshot/]: file=/Users/macbook/git/CrashDetectorMC/.git/objects/pack, is unmodified
[04may2026 21:58:56.662] [AWT-EventQueue-0/DEBUG] [org.eclipse.jgit.internal.storage.file.FileSnapshot/]: file=/Users/macbook/git/CrashDetectorMC/.git/objects/pack, isRacyClean=false, read=2026-05-04 21:58:56.211014000, lastModified=2026-04-27 21:06:59.054396266, delta=607917156617734 ns, racy<=27500 ns
[04may2026 21:58:56.662] [AWT-EventQueue-0/DEBUG] [org.eclipse.jgit.internal.storage.file.FileSnapshot/]: file=/Users/macbook/git/CrashDetectorMC/.git/objects/pack, is unmodified
[04may2026 21:58:56.664] [AWT-EventQueue-0/DEBUG] [org.eclipse.jgit.internal.storage.file.FileSnapshot/]: file=/Users/macbook/git/CrashDetectorMC/.git/objects/pack, isRacyClean=false, read=2026-05-04 21:58:56.211014000, lastModified=2026-04-27 21:06:59.054396266, delta=607917156617734 ns, racy<=27500 ns
[04may2026 21:58:56.664] [AWT-EventQueue-0/DEBUG] [org.eclipse.jgit.internal.storage.file.FileSnapshot/]: file=/Users/macbook/git/CrashDetectorMC/.git/objects/pack, is unmodified
